{"C:\\Users\\patryk\\Desktop\\passwords\\f\\src\\components\\ActivityList.tsx": {"path":"C:\\Users\\patryk\\Desktop\\passwords\\f\\src\\components\\ActivityList.tsx","statementMap":{"0":{"start":{"line":39,"column":0},"end":{"line":39,"column":24}},"1":{"start":{"line":1,"column":0},"end":{"line":1,"column":33}},"2":{"start":{"line":2,"column":0},"end":{"line":2,"column":48}},"3":{"start":{"line":41,"column":2},"end":{"line":43,"column":3}},"4":{"start":{"line":42,"column":4},"end":{"line":42,"column":98}},"5":{"start":{"line":45,"column":2},"end":{"line":65,"column":4}},"6":{"start":{"line":51,"column":10},"end":{"line":51,"column":27}}},"fnMap":{"0":{"name":"ActivityList","decl":{"start":{"line":39,"column":24},"end":{"line":39,"column":36}},"loc":{"start":{"line":39,"column":70},"end":{"line":66,"column":1}}},"1":{"name":"(anonymous_1)","decl":{"start":{"line":50,"column":19},"end":{"line":50,"column":20}},"loc":{"start":{"line":51,"column":10},"end":{"line":51,"column":27}}}},"branchMap":{"0":{"loc":{"start":{"line":41,"column":2},"end":{"line":43,"column":3}},"type":"if","locations":[{"start":{"line":41,"column":2},"end":{"line":43,"column":3}}]},"1":{"loc":{"start":{"line":47,"column":7},"end":{"line":62,"column":null}},"type":"cond-expr","locations":[{"start":{"line":48,"column":8},"end":{"line":48,"column":85}},{"start":{"line":50,"column":8},"end":{"line":62,"column":10}}]}},"s":{"0":1,"1":1,"2":1,"3":3,"4":1,"5":2,"6":2},"f":{"0":3,"1":2},"b":{"0":[1],"1":[1,1]}}
,"C:\\Users\\patryk\\Desktop\\passwords\\f\\src\\components\\AddPasswordDialog.tsx": {"path":"C:\\Users\\patryk\\Desktop\\passwords\\f\\src\\components\\AddPasswordDialog.tsx","statementMap":{"0":{"start":{"line":147,"column":0},"end":{"line":147,"column":16}},"1":{"start":{"line":1,"column":0},"end":{"line":1,"column":51}},"2":{"start":{"line":2,"column":0},"end":{"line":2,"column":48}},"3":{"start":{"line":3,"column":0},"end":{"line":3,"column":null}},"4":{"start":{"line":11,"column":0},"end":{"line":11,"column":46}},"5":{"start":{"line":12,"column":0},"end":{"line":12,"column":46}},"6":{"start":{"line":13,"column":0},"end":{"line":13,"column":31}},"7":{"start":{"line":63,"column":28},"end":{"line":107,"column":1}},"8":{"start":{"line":74,"column":2},"end":{"line":74,"column":15}},"9":{"start":{"line":76,"column":2},"end":{"line":80,"column":3}},"10":{"start":{"line":77,"column":4},"end":{"line":77,"column":50}},"11":{"start":{"line":78,"column":4},"end":{"line":78,"column":95}},"12":{"start":{"line":79,"column":4},"end":{"line":79,"column":11}},"13":{"start":{"line":81,"column":2},"end":{"line":85,"column":3}},"14":{"start":{"line":82,"column":4},"end":{"line":82,"column":49}},"15":{"start":{"line":83,"column":4},"end":{"line":83,"column":94}},"16":{"start":{"line":84,"column":4},"end":{"line":84,"column":11}},"17":{"start":{"line":86,"column":2},"end":{"line":90,"column":3}},"18":{"start":{"line":87,"column":4},"end":{"line":87,"column":49}},"19":{"start":{"line":88,"column":4},"end":{"line":88,"column":94}},"20":{"start":{"line":89,"column":4},"end":{"line":89,"column":11}},"21":{"start":{"line":92,"column":2},"end":{"line":106,"column":3}},"22":{"start":{"line":93,"column":4},"end":{"line":93,"column":49}},"23":{"start":{"line":94,"column":4},"end":{"line":94,"column":87}},"24":{"start":{"line":95,"column":4},"end":{"line":95,"column":20}},"25":{"start":{"line":96,"column":4},"end":{"line":96,"column":17}},"26":{"start":{"line":97,"column":4},"end":{"line":97,"column":20}},"27":{"start":{"line":98,"column":4},"end":{"line":98,"column":27}},"28":{"start":{"line":100,"column":4},"end":{"line":100,"column":58}},"29":{"start":{"line":101,"column":4},"end":{"line":101,"column":55}},"30":{"start":{"line":102,"column":4},"end":{"line":105,"column":7}},"31":{"start":{"line":63,"column":13},"end":{"line":63,"column":28}},"32":{"start":{"line":148,"column":34},"end":{"line":148,"column":46}},"33":{"start":{"line":149,"column":28},"end":{"line":149,"column":40}},"34":{"start":{"line":150,"column":34},"end":{"line":150,"column":46}},"35":{"start":{"line":151,"column":28},"end":{"line":151,"column":40}},"36":{"start":{"line":154,"column":2},"end":{"line":161,"column":21}},"37":{"start":{"line":155,"column":4},"end":{"line":160,"column":5}},"38":{"start":{"line":156,"column":6},"end":{"line":156,"column":19}},"39":{"start":{"line":157,"column":6},"end":{"line":157,"column":22}},"40":{"start":{"line":158,"column":6},"end":{"line":158,"column":19}},"41":{"start":{"line":159,"column":6},"end":{"line":159,"column":22}},"42":{"start":{"line":163,"column":2},"end":{"line":236,"column":4}},"43":{"start":{"line":178,"column":31},"end":{"line":178,"column":58}},"44":{"start":{"line":190,"column":31},"end":{"line":190,"column":55}},"45":{"start":{"line":202,"column":31},"end":{"line":202,"column":58}},"46":{"start":{"line":213,"column":51},"end":{"line":213,"column":73}},"47":{"start":{"line":218,"column":14},"end":{"line":227,"column":null}}},"fnMap":{"0":{"name":"(anonymous_9)","decl":{"start":{"line":63,"column":28},"end":{"line":63,"column":33}},"loc":{"start":{"line":73,"column":4},"end":{"line":107,"column":1}}},"1":{"name":"AddPasswordDialog","decl":{"start":{"line":147,"column":16},"end":{"line":147,"column":33}},"loc":{"start":{"line":147,"column":101},"end":{"line":237,"column":1}}},"2":{"name":"(anonymous_11)","decl":{"start":{"line":154,"column":12},"end":{"line":154,"column":15}},"loc":{"start":{"line":154,"column":17},"end":{"line":161,"column":3}}},"3":{"name":"(anonymous_12)","decl":{"start":{"line":178,"column":24},"end":{"line":178,"column":25}},"loc":{"start":{"line":178,"column":31},"end":{"line":178,"column":58}}},"4":{"name":"(anonymous_13)","decl":{"start":{"line":190,"column":24},"end":{"line":190,"column":25}},"loc":{"start":{"line":190,"column":31},"end":{"line":190,"column":55}}},"5":{"name":"(anonymous_14)","decl":{"start":{"line":202,"column":24},"end":{"line":202,"column":25}},"loc":{"start":{"line":202,"column":31},"end":{"line":202,"column":58}}},"6":{"name":"(anonymous_15)","decl":{"start":{"line":213,"column":45},"end":{"line":213,"column":48}},"loc":{"start":{"line":213,"column":51},"end":{"line":213,"column":73}}},"7":{"name":"(anonymous_16)","decl":{"start":{"line":217,"column":21},"end":{"line":217,"column":24}},"loc":{"start":{"line":218,"column":14},"end":{"line":227,"column":null}}}},"branchMap":{"0":{"loc":{"start":{"line":76,"column":2},"end":{"line":80,"column":3}},"type":"if","locations":[{"start":{"line":76,"column":2},"end":{"line":80,"column":3}}]},"1":{"loc":{"start":{"line":81,"column":2},"end":{"line":85,"column":3}},"type":"if","locations":[{"start":{"line":81,"column":2},"end":{"line":85,"column":3}}]},"2":{"loc":{"start":{"line":86,"column":2},"end":{"line":90,"column":3}},"type":"if","locations":[{"start":{"line":86,"column":2},"end":{"line":90,"column":3}}]},"3":{"loc":{"start":{"line":155,"column":4},"end":{"line":160,"column":5}},"type":"if","locations":[{"start":{"line":155,"column":4},"end":{"line":160,"column":5}}]},"4":{"loc":{"start":{"line":209,"column":13},"end":{"line":209,"column":92}},"type":"binary-expr","locations":[{"start":{"line":209,"column":13},"end":{"line":209,"column":18}},{"start":{"line":209,"column":22},"end":{"line":209,"column":92}}]}},"s":{"0":2,"1":2,"2":2,"3":2,"4":2,"5":2,"6":2,"7":2,"8":5,"9":5,"10":1,"11":1,"12":1,"13":4,"14":1,"15":1,"16":1,"17":3,"18":1,"19":1,"20":1,"21":2,"22":2,"23":1,"24":1,"25":1,"26":1,"27":1,"28":1,"29":1,"30":1,"31":2,"32":30,"33":30,"34":30,"35":30,"36":30,"37":11,"38":8,"39":8,"40":8,"41":8,"42":30,"43":4,"44":3,"45":2,"46":1,"47":5},"f":{"0":5,"1":30,"2":11,"3":4,"4":3,"5":2,"6":1,"7":5},"b":{"0":[1],"1":[1],"2":[1],"3":[8],"4":[30,6]}}
,"C:\\Users\\patryk\\Desktop\\passwords\\f\\src\\components\\Chart.tsx": {"path":"C:\\Users\\patryk\\Desktop\\passwords\\f\\src\\components\\Chart.tsx","statementMap":{"0":{"start":{"line":58,"column":0},"end":{"line":58,"column":16}},"1":{"start":{"line":1,"column":0},"end":{"line":1,"column":74}},"2":{"start":{"line":2,"column":0},"end":{"line":2,"column":null}},"3":{"start":{"line":18,"column":13},"end":{"line":23,"column":24}},"4":{"start":{"line":60,"column":2},"end":{"line":66,"column":3}},"5":{"start":{"line":61,"column":4},"end":{"line":65,"column":6}},"6":{"start":{"line":68,"column":2},"end":{"line":70,"column":3}},"7":{"start":{"line":69,"column":4},"end":{"line":69,"column":73}},"8":{"start":{"line":72,"column":2},"end":{"line":105,"column":4}},"9":{"start":{"line":87,"column":36},"end":{"line":87,"column":53}}},"fnMap":{"0":{"name":"Chart","decl":{"start":{"line":58,"column":16},"end":{"line":58,"column":21}},"loc":{"start":{"line":58,"column":117},"end":{"line":106,"column":1}}},"1":{"name":"(anonymous_1)","decl":{"start":{"line":87,"column":25},"end":{"line":87,"column":26}},"loc":{"start":{"line":87,"column":36},"end":{"line":87,"column":53}}}},"branchMap":{"0":{"loc":{"start":{"line":60,"column":2},"end":{"line":66,"column":3}},"type":"if","locations":[{"start":{"line":60,"column":2},"end":{"line":66,"column":3}}]},"1":{"loc":{"start":{"line":68,"column":2},"end":{"line":70,"column":3}},"type":"if","locations":[{"start":{"line":68,"column":2},"end":{"line":70,"column":3}}]}},"s":{"0":1,"1":1,"2":1,"3":1,"4":5,"5":1,"6":4,"7":1,"8":3,"9":0},"f":{"0":5,"1":0},"b":{"0":[1],"1":[1]}}
,"C:\\Users\\patryk\\Desktop\\passwords\\f\\src\\components\\DashboardCards.tsx": {"path":"C:\\Users\\patryk\\Desktop\\passwords\\f\\src\\components\\DashboardCards.tsx","statementMap":{"0":{"start":{"line":48,"column":0},"end":{"line":48,"column":24}},"1":{"start":{"line":1,"column":0},"end":{"line":1,"column":40}},"2":{"start":{"line":2,"column":0},"end":{"line":2,"column":55}},"3":{"start":{"line":3,"column":0},"end":{"line":3,"column":56}},"4":{"start":{"line":4,"column":0},"end":{"line":4,"column":33}},"5":{"start":{"line":6,"column":0},"end":{"line":6,"column":59}},"6":{"start":{"line":49,"column":42},"end":{"line":49,"column":57}},"7":{"start":{"line":50,"column":26},"end":{"line":50,"column":70}},"8":{"start":{"line":51,"column":2},"end":{"line":84,"column":4}},"9":{"start":{"line":55,"column":23},"end":{"line":55,"column":44}}},"fnMap":{"0":{"name":"DashboardCards","decl":{"start":{"line":48,"column":24},"end":{"line":48,"column":38}},"loc":{"start":{"line":48,"column":214},"end":{"line":85,"column":1}}},"1":{"name":"(anonymous_1)","decl":{"start":{"line":55,"column":17},"end":{"line":55,"column":20}},"loc":{"start":{"line":55,"column":23},"end":{"line":55,"column":44}}}},"branchMap":{},"s":{"0":1,"1":1,"2":1,"3":1,"4":1,"5":1,"6":7,"7":7,"8":7,"9":1},"f":{"0":7,"1":1},"b":{}}
,"C:\\Users\\patryk\\Desktop\\passwords\\f\\src\\components\\DataTable.tsx": {"path":"C:\\Users\\patryk\\Desktop\\passwords\\f\\src\\components\\DataTable.tsx","statementMap":{"0":{"start":{"line":333,"column":0},"end":{"line":333,"column":16}},"1":{"start":{"line":1,"column":0},"end":{"line":1,"column":44}},"2":{"start":{"line":2,"column":0},"end":{"line":2,"column":66}},"3":{"start":{"line":3,"column":0},"end":{"line":3,"column":null}},"4":{"start":{"line":15,"column":0},"end":{"line":15,"column":59}},"5":{"start":{"line":16,"column":0},"end":{"line":16,"column":48}},"6":{"start":{"line":17,"column":0},"end":{"line":17,"column":51}},"7":{"start":{"line":18,"column":0},"end":{"line":18,"column":null}},"8":{"start":{"line":26,"column":0},"end":{"line":26,"column":46}},"9":{"start":{"line":27,"column":0},"end":{"line":27,"column":null}},"10":{"start":{"line":35,"column":0},"end":{"line":35,"column":56}},"11":{"start":{"line":36,"column":0},"end":{"line":36,"column":58}},"12":{"start":{"line":38,"column":0},"end":{"line":38,"column":33}},"13":{"start":{"line":39,"column":0},"end":{"line":39,"column":62}},"14":{"start":{"line":40,"column":0},"end":{"line":40,"column":60}},"15":{"start":{"line":41,"column":0},"end":{"line":41,"column":42}},"16":{"start":{"line":42,"column":0},"end":{"line":42,"column":52}},"17":{"start":{"line":43,"column":0},"end":{"line":43,"column":62}},"18":{"start":{"line":95,"column":23},"end":{"line":298,"column":2}},"19":{"start":{"line":101,"column":47},"end":{"line":298,"column":2}},"20":{"start":{"line":106,"column":31},"end":{"line":106,"column":55}},"21":{"start":{"line":107,"column":22},"end":{"line":107,"column":43}},"22":{"start":{"line":108,"column":24},"end":{"line":108,"column":58}},"23":{"start":{"line":110,"column":6},"end":{"line":164,"column":8}},"24":{"start":{"line":170,"column":6},"end":{"line":175,"column":null}},"25":{"start":{"line":172,"column":23},"end":{"line":172,"column":75}},"26":{"start":{"line":178,"column":23},"end":{"line":178,"column":79}},"27":{"start":{"line":182,"column":18},"end":{"line":182,"column":58}},"28":{"start":{"line":184,"column":23},"end":{"line":184,"column":44}},"29":{"start":{"line":185,"column":20},"end":{"line":185,"column":38}},"30":{"start":{"line":186,"column":60},"end":{"line":186,"column":75}},"31":{"start":{"line":187,"column":35},"end":{"line":189,"column":7}},"32":{"start":{"line":188,"column":8},"end":{"line":188,"column":37}},"33":{"start":{"line":190,"column":6},"end":{"line":215,"column":8}},"34":{"start":{"line":197,"column":14},"end":{"line":201,"column":null}},"35":{"start":{"line":222,"column":22},"end":{"line":222,"column":34}},"36":{"start":{"line":223,"column":54},"end":{"line":223,"column":69}},"37":{"start":{"line":224,"column":58},"end":{"line":224,"column":73}},"38":{"start":{"line":225,"column":58},"end":{"line":225,"column":73}},"39":{"start":{"line":226,"column":60},"end":{"line":226,"column":75}},"40":{"start":{"line":227,"column":35},"end":{"line":229,"column":7}},"41":{"start":{"line":228,"column":8},"end":{"line":228,"column":37}},"42":{"start":{"line":230,"column":6},"end":{"line":295,"column":8}},"43":{"start":{"line":248,"column":18},"end":{"line":252,"column":null}},"44":{"start":{"line":258,"column":47},"end":{"line":258,"column":74}},"45":{"start":{"line":261,"column":47},"end":{"line":261,"column":72}},"46":{"start":{"line":265,"column":47},"end":{"line":265,"column":74}},"47":{"start":{"line":95,"column":13},"end":{"line":95,"column":23}},"48":{"start":{"line":343,"column":32},"end":{"line":343,"column":58}},"49":{"start":{"line":344,"column":44},"end":{"line":344,"column":76}},"50":{"start":{"line":345,"column":50},"end":{"line":345,"column":79}},"51":{"start":{"line":346,"column":42},"end":{"line":346,"column":54}},"52":{"start":{"line":347,"column":42},"end":{"line":347,"column":57}},"53":{"start":{"line":348,"column":46},"end":{"line":348,"column":61}},"54":{"start":{"line":350,"column":2},"end":{"line":379,"column":18}},"55":{"start":{"line":351,"column":4},"end":{"line":351,"column":39}},"56":{"start":{"line":351,"column":32},"end":{"line":351,"column":39}},"57":{"start":{"line":353,"column":21},"end":{"line":355,"column":34}},"58":{"start":{"line":354,"column":21},"end":{"line":354,"column":47}},"59":{"start":{"line":357,"column":4},"end":{"line":360,"column":5}},"60":{"start":{"line":358,"column":6},"end":{"line":358,"column":31}},"61":{"start":{"line":359,"column":6},"end":{"line":359,"column":13}},"62":{"start":{"line":362,"column":4},"end":{"line":362,"column":28}},"63":{"start":{"line":363,"column":22},"end":{"line":363,"column":23}},"64":{"start":{"line":364,"column":23},"end":{"line":364,"column":38}},"65":{"start":{"line":366,"column":23},"end":{"line":371,"column":5}},"66":{"start":{"line":367,"column":6},"end":{"line":367,"column":23}},"67":{"start":{"line":368,"column":6},"end":{"line":370,"column":7}},"68":{"start":{"line":369,"column":8},"end":{"line":369,"column":33}},"69":{"start":{"line":373,"column":4},"end":{"line":378,"column":7}},"70":{"start":{"line":374,"column":18},"end":{"line":374,"column":29}},"71":{"start":{"line":375,"column":6},"end":{"line":375,"column":20}},"72":{"start":{"line":376,"column":6},"end":{"line":376,"column":30}},"73":{"start":{"line":377,"column":6},"end":{"line":377,"column":31}},"74":{"start":{"line":381,"column":16},"end":{"line":401,"column":4}},"75":{"start":{"line":403,"column":2},"end":{"line":405,"column":3}},"76":{"start":{"line":404,"column":4},"end":{"line":404,"column":59}},"77":{"start":{"line":407,"column":2},"end":{"line":499,"column":4}},"78":{"start":{"line":414,"column":12},"end":{"line":414,"column":72}},"79":{"start":{"line":425,"column":25},"end":{"line":425,"column":46}},"80":{"start":{"line":437,"column":14},"end":{"line":437,"column":null}},"81":{"start":{"line":439,"column":18},"end":{"line":439,"column":null}},"82":{"start":{"line":454,"column":16},"end":{"line":455,"column":null}},"83":{"start":{"line":459,"column":20},"end":{"line":459,"column":null}},"84":{"start":{"line":480,"column":27},"end":{"line":480,"column":47}},"85":{"start":{"line":489,"column":27},"end":{"line":489,"column":43}}},"fnMap":{"0":{"name":"(anonymous_0)","decl":{"start":{"line":95,"column":23},"end":{"line":95,"column":24}},"loc":{"start":{"line":101,"column":47},"end":{"line":298,"column":2}}},"1":{"name":"(anonymous_1)","decl":{"start":{"line":105,"column":10},"end":{"line":105,"column":11}},"loc":{"start":{"line":105,"column":29},"end":{"line":165,"column":5}}},"2":{"name":"(anonymous_2)","decl":{"start":{"line":169,"column":12},"end":{"line":169,"column":13}},"loc":{"start":{"line":170,"column":6},"end":{"line":175,"column":null}}},"3":{"name":"(anonymous_3)","decl":{"start":{"line":172,"column":17},"end":{"line":172,"column":20}},"loc":{"start":{"line":172,"column":23},"end":{"line":172,"column":75}}},"4":{"name":"(anonymous_4)","decl":{"start":{"line":178,"column":10},"end":{"line":178,"column":11}},"loc":{"start":{"line":178,"column":23},"end":{"line":178,"column":79}}},"5":{"name":"(anonymous_5)","decl":{"start":{"line":182,"column":12},"end":{"line":182,"column":15}},"loc":{"start":{"line":182,"column":18},"end":{"line":182,"column":58}}},"6":{"name":"(anonymous_6)","decl":{"start":{"line":183,"column":10},"end":{"line":183,"column":11}},"loc":{"start":{"line":183,"column":22},"end":{"line":216,"column":5}}},"7":{"name":"(anonymous_7)","decl":{"start":{"line":187,"column":35},"end":{"line":187,"column":38}},"loc":{"start":{"line":187,"column":40},"end":{"line":189,"column":7}}},"8":{"name":"(anonymous_8)","decl":{"start":{"line":196,"column":21},"end":{"line":196,"column":24}},"loc":{"start":{"line":197,"column":14},"end":{"line":201,"column":null}}},"9":{"name":"(anonymous_9)","decl":{"start":{"line":221,"column":10},"end":{"line":221,"column":11}},"loc":{"start":{"line":221,"column":22},"end":{"line":296,"column":5}}},"10":{"name":"(anonymous_10)","decl":{"start":{"line":227,"column":35},"end":{"line":227,"column":38}},"loc":{"start":{"line":227,"column":40},"end":{"line":229,"column":7}}},"11":{"name":"(anonymous_11)","decl":{"start":{"line":247,"column":25},"end":{"line":247,"column":28}},"loc":{"start":{"line":248,"column":18},"end":{"line":252,"column":null}}},"12":{"name":"(anonymous_12)","decl":{"start":{"line":258,"column":41},"end":{"line":258,"column":44}},"loc":{"start":{"line":258,"column":47},"end":{"line":258,"column":74}}},"13":{"name":"(anonymous_13)","decl":{"start":{"line":261,"column":41},"end":{"line":261,"column":44}},"loc":{"start":{"line":261,"column":47},"end":{"line":261,"column":72}}},"14":{"name":"(anonymous_14)","decl":{"start":{"line":265,"column":41},"end":{"line":265,"column":44}},"loc":{"start":{"line":265,"column":47},"end":{"line":265,"column":74}}},"15":{"name":"DataTable","decl":{"start":{"line":333,"column":16},"end":{"line":333,"column":25}},"loc":{"start":{"line":342,"column":17},"end":{"line":500,"column":1}}},"16":{"name":"(anonymous_16)","decl":{"start":{"line":350,"column":12},"end":{"line":350,"column":15}},"loc":{"start":{"line":350,"column":17},"end":{"line":379,"column":3}}},"17":{"name":"(anonymous_17)","decl":{"start":{"line":354,"column":11},"end":{"line":354,"column":12}},"loc":{"start":{"line":354,"column":21},"end":{"line":354,"column":47}}},"18":{"name":"(anonymous_18)","decl":{"start":{"line":366,"column":23},"end":{"line":366,"column":26}},"loc":{"start":{"line":366,"column":28},"end":{"line":371,"column":5}}},"19":{"name":"(anonymous_19)","decl":{"start":{"line":373,"column":21},"end":{"line":373,"column":22}},"loc":{"start":{"line":373,"column":29},"end":{"line":378,"column":5}}},"20":{"name":"(anonymous_20)","decl":{"start":{"line":413,"column":20},"end":{"line":413,"column":21}},"loc":{"start":{"line":414,"column":12},"end":{"line":414,"column":72}}},"21":{"name":"(anonymous_21)","decl":{"start":{"line":425,"column":19},"end":{"line":425,"column":22}},"loc":{"start":{"line":425,"column":25},"end":{"line":425,"column":46}}},"22":{"name":"(anonymous_22)","decl":{"start":{"line":436,"column":41},"end":{"line":436,"column":42}},"loc":{"start":{"line":437,"column":14},"end":{"line":437,"column":null}}},"23":{"name":"(anonymous_23)","decl":{"start":{"line":438,"column":41},"end":{"line":438,"column":42}},"loc":{"start":{"line":439,"column":18},"end":{"line":439,"column":null}}},"24":{"name":"(anonymous_24)","decl":{"start":{"line":453,"column":43},"end":{"line":453,"column":44}},"loc":{"start":{"line":454,"column":16},"end":{"line":455,"column":null}}},"25":{"name":"(anonymous_25)","decl":{"start":{"line":458,"column":45},"end":{"line":458,"column":46}},"loc":{"start":{"line":459,"column":20},"end":{"line":459,"column":null}}},"26":{"name":"(anonymous_26)","decl":{"start":{"line":480,"column":21},"end":{"line":480,"column":24}},"loc":{"start":{"line":480,"column":27},"end":{"line":480,"column":47}}},"27":{"name":"(anonymous_27)","decl":{"start":{"line":489,"column":21},"end":{"line":489,"column":24}},"loc":{"start":{"line":489,"column":27},"end":{"line":489,"column":43}}}},"branchMap":{"0":{"loc":{"start":{"line":119,"column":11},"end":{"line":161,"column":null}},"type":"cond-expr","locations":[{"start":{"line":120,"column":12},"end":{"line":142,"column":null}},{"start":{"line":145,"column":12},"end":{"line":160,"column":null}}]},"1":{"loc":{"start":{"line":124,"column":27},"end":{"line":124,"column":44}},"type":"cond-expr","locations":[{"start":{"line":124,"column":39},"end":{"line":124,"column":40}},{"start":{"line":124,"column":43},"end":{"line":124,"column":44}}]},"2":{"loc":{"start":{"line":138,"column":27},"end":{"line":138,"column":44}},"type":"cond-expr","locations":[{"start":{"line":138,"column":39},"end":{"line":138,"column":40}},{"start":{"line":138,"column":43},"end":{"line":138,"column":44}}]},"3":{"loc":{"start":{"line":351,"column":4},"end":{"line":351,"column":39}},"type":"if","locations":[{"start":{"line":351,"column":4},"end":{"line":351,"column":39}}]},"4":{"loc":{"start":{"line":357,"column":4},"end":{"line":360,"column":5}},"type":"if","locations":[{"start":{"line":357,"column":4},"end":{"line":360,"column":5}}]},"5":{"loc":{"start":{"line":368,"column":6},"end":{"line":370,"column":7}},"type":"if","locations":[{"start":{"line":368,"column":6},"end":{"line":370,"column":7}}]},"6":{"loc":{"start":{"line":403,"column":2},"end":{"line":405,"column":3}},"type":"if","locations":[{"start":{"line":403,"column":2},"end":{"line":405,"column":3}}]},"7":{"loc":{"start":{"line":412,"column":18},"end":{"line":412,"column":77}},"type":"binary-expr","locations":[{"start":{"line":412,"column":18},"end":{"line":412,"column":71}},{"start":{"line":412,"column":75},"end":{"line":412,"column":77}}]},"8":{"loc":{"start":{"line":440,"column":21},"end":{"line":444,"column":null}},"type":"cond-expr","locations":[{"start":{"line":441,"column":24},"end":{"line":441,"column":28}},{"start":{"line":442,"column":24},"end":{"line":444,"column":null}}]},"9":{"loc":{"start":{"line":452,"column":13},"end":{"line":470,"column":null}},"type":"cond-expr","locations":[{"start":{"line":453,"column":14},"end":{"line":464,"column":16}},{"start":{"line":466,"column":14},"end":{"line":469,"column":null}}]},"10":{"loc":{"start":{"line":456,"column":30},"end":{"line":456,"column":63}},"type":"binary-expr","locations":[{"start":{"line":456,"column":30},"end":{"line":456,"column":49}},{"start":{"line":456,"column":53},"end":{"line":456,"column":63}}]}},"s":{"0":1,"1":1,"2":1,"3":1,"4":1,"5":1,"6":1,"7":1,"8":1,"9":1,"10":1,"11":1,"12":1,"13":1,"14":1,"15":1,"16":1,"17":1,"18":1,"19":19,"20":36,"21":36,"22":36,"23":36,"24":14,"25":1,"26":36,"27":14,"28":36,"29":36,"30":36,"31":36,"32":0,"33":36,"34":1,"35":36,"36":36,"37":36,"38":36,"39":36,"40":36,"41":0,"42":36,"43":0,"44":0,"45":0,"46":0,"47":1,"48":19,"49":19,"50":19,"51":19,"52":19,"53":19,"54":19,"55":10,"56":1,"57":9,"58":31,"59":9,"60":8,"61":8,"62":1,"63":1,"64":1,"65":1,"66":0,"67":0,"68":0,"69":1,"70":2,"71":2,"72":2,"73":2,"74":19,"75":19,"76":1,"77":18,"78":1,"79":1,"80":18,"81":72,"82":46,"83":184,"84":0,"85":1},"f":{"0":19,"1":36,"2":14,"3":1,"4":36,"5":14,"6":36,"7":0,"8":1,"9":36,"10":0,"11":0,"12":0,"13":0,"14":0,"15":19,"16":10,"17":31,"18":0,"19":2,"20":1,"21":1,"22":18,"23":72,"24":46,"25":184,"26":0,"27":1},"b":{"0":[4,32],"1":[2,2],"2":[2,2],"3":[1],"4":[8],"5":[0],"6":[1],"7":[18,16],"8":[0,72],"9":[17,1],"10":[46,0]}}
,"C:\\Users\\patryk\\Desktop\\passwords\\f\\src\\components\\DeleteAccountDialog.tsx": {"path":"C:\\Users\\patryk\\Desktop\\passwords\\f\\src\\components\\DeleteAccountDialog.tsx","statementMap":{"0":{"start":{"line":112,"column":0},"end":{"line":112,"column":16}},"1":{"start":{"line":1,"column":0},"end":{"line":1,"column":40}},"2":{"start":{"line":2,"column":0},"end":{"line":2,"column":48}},"3":{"start":{"line":3,"column":0},"end":{"line":3,"column":null}},"4":{"start":{"line":11,"column":0},"end":{"line":11,"column":31}},"5":{"start":{"line":50,"column":28},"end":{"line":71,"column":1}},"6":{"start":{"line":57,"column":2},"end":{"line":57,"column":24}},"7":{"start":{"line":58,"column":2},"end":{"line":70,"column":3}},"8":{"start":{"line":59,"column":4},"end":{"line":59,"column":42}},"9":{"start":{"line":60,"column":4},"end":{"line":60,"column":65}},"10":{"start":{"line":61,"column":4},"end":{"line":61,"column":27}},"11":{"start":{"line":63,"column":4},"end":{"line":63,"column":57}},"12":{"start":{"line":64,"column":4},"end":{"line":67,"column":7}},"13":{"start":{"line":69,"column":4},"end":{"line":69,"column":27}},"14":{"start":{"line":50,"column":13},"end":{"line":50,"column":28}},"15":{"start":{"line":119,"column":42},"end":{"line":119,"column":57}},"16":{"start":{"line":121,"column":2},"end":{"line":144,"column":4}},"17":{"start":{"line":131,"column":51},"end":{"line":131,"column":73}},"18":{"start":{"line":136,"column":27},"end":{"line":136,"column":106}}},"fnMap":{"0":{"name":"(anonymous_9)","decl":{"start":{"line":50,"column":28},"end":{"line":50,"column":33}},"loc":{"start":{"line":56,"column":19},"end":{"line":71,"column":1}}},"1":{"name":"DeleteAccountDialog","decl":{"start":{"line":112,"column":16},"end":{"line":112,"column":35}},"loc":{"start":{"line":118,"column":27},"end":{"line":145,"column":1}}},"2":{"name":"(anonymous_11)","decl":{"start":{"line":131,"column":45},"end":{"line":131,"column":48}},"loc":{"start":{"line":131,"column":51},"end":{"line":131,"column":73}}},"3":{"name":"(anonymous_12)","decl":{"start":{"line":136,"column":21},"end":{"line":136,"column":24}},"loc":{"start":{"line":136,"column":27},"end":{"line":136,"column":106}}}},"branchMap":{"0":{"loc":{"start":{"line":139,"column":13},"end":{"line":139,"column":50}},"type":"cond-expr","locations":[{"start":{"line":139,"column":28},"end":{"line":139,"column":41}},{"start":{"line":139,"column":44},"end":{"line":139,"column":50}}]}},"s":{"0":1,"1":1,"2":1,"3":1,"4":1,"5":1,"6":4,"7":4,"8":4,"9":3,"10":3,"11":1,"12":1,"13":4,"14":1,"15":16,"16":16,"17":1,"18":4},"f":{"0":4,"1":16,"2":1,"3":4},"b":{"0":[4,12]}}
,"C:\\Users\\patryk\\Desktop\\passwords\\f\\src\\components\\ExportToJSON.tsx": {"path":"C:\\Users\\patryk\\Desktop\\passwords\\f\\src\\components\\ExportToJSON.tsx","statementMap":{"0":{"start":{"line":59,"column":0},"end":{"line":59,"column":24}},"1":{"start":{"line":1,"column":0},"end":{"line":1,"column":44}},"2":{"start":{"line":2,"column":0},"end":{"line":2,"column":48}},"3":{"start":{"line":3,"column":0},"end":{"line":3,"column":40}},"4":{"start":{"line":4,"column":0},"end":{"line":4,"column":74}},"5":{"start":{"line":5,"column":0},"end":{"line":5,"column":31}},"6":{"start":{"line":6,"column":0},"end":{"line":6,"column":66}},"7":{"start":{"line":60,"column":40},"end":{"line":60,"column":55}},"8":{"start":{"line":61,"column":56},"end":{"line":61,"column":71}},"9":{"start":{"line":62,"column":54},"end":{"line":62,"column":69}},"10":{"start":{"line":64,"column":23},"end":{"line":129,"column":3}},"11":{"start":{"line":65,"column":4},"end":{"line":65,"column":25}},"12":{"start":{"line":66,"column":4},"end":{"line":128,"column":5}},"13":{"start":{"line":67,"column":6},"end":{"line":69,"column":7}},"14":{"start":{"line":68,"column":8},"end":{"line":68,"column":51}},"15":{"start":{"line":70,"column":6},"end":{"line":76,"column":7}},"16":{"start":{"line":71,"column":8},"end":{"line":74,"column":9}},"17":{"start":{"line":72,"column":10},"end":{"line":72,"column":39}},"18":{"start":{"line":73,"column":10},"end":{"line":73,"column":38}},"19":{"start":{"line":75,"column":8},"end":{"line":75,"column":51}},"20":{"start":{"line":78,"column":23},"end":{"line":78,"column":25}},"21":{"start":{"line":79,"column":6},"end":{"line":98,"column":7}},"22":{"start":{"line":80,"column":30},"end":{"line":80,"column":81}},"23":{"start":{"line":81,"column":8},"end":{"line":84,"column":9}},"24":{"start":{"line":82,"column":10},"end":{"line":82,"column":84}},"25":{"start":{"line":83,"column":10},"end":{"line":83,"column":19}},"26":{"start":{"line":86,"column":32},"end":{"line":86,"column":56}},"27":{"start":{"line":87,"column":8},"end":{"line":90,"column":9}},"28":{"start":{"line":88,"column":10},"end":{"line":88,"column":90}},"29":{"start":{"line":89,"column":10},"end":{"line":89,"column":19}},"30":{"start":{"line":92,"column":34},"end":{"line":92,"column":85}},"31":{"start":{"line":93,"column":8},"end":{"line":97,"column":11}},"32":{"start":{"line":100,"column":25},"end":{"line":100,"column":58}},"33":{"start":{"line":101,"column":19},"end":{"line":101,"column":86}},"34":{"start":{"line":102,"column":18},"end":{"line":102,"column":50}},"35":{"start":{"line":103,"column":19},"end":{"line":103,"column":46}},"36":{"start":{"line":104,"column":6},"end":{"line":104,"column":37}},"37":{"start":{"line":105,"column":6},"end":{"line":105,"column":102}},"38":{"start":{"line":106,"column":6},"end":{"line":106,"column":38}},"39":{"start":{"line":107,"column":6},"end":{"line":107,"column":19}},"40":{"start":{"line":108,"column":6},"end":{"line":108,"column":38}},"41":{"start":{"line":109,"column":6},"end":{"line":109,"column":38}},"42":{"start":{"line":111,"column":6},"end":{"line":114,"column":9}},"43":{"start":{"line":115,"column":6},"end":{"line":115,"column":34}},"44":{"start":{"line":117,"column":6},"end":{"line":117,"column":61}},"45":{"start":{"line":118,"column":6},"end":{"line":121,"column":9}},"46":{"start":{"line":122,"column":6},"end":{"line":125,"column":7}},"47":{"start":{"line":123,"column":8},"end":{"line":123,"column":37}},"48":{"start":{"line":124,"column":8},"end":{"line":124,"column":36}},"49":{"start":{"line":127,"column":6},"end":{"line":127,"column":28}},"50":{"start":{"line":131,"column":2},"end":{"line":135,"column":43}},"51":{"start":{"line":132,"column":4},"end":{"line":134,"column":5}},"52":{"start":{"line":133,"column":6},"end":{"line":133,"column":21}},"53":{"start":{"line":137,"column":2},"end":{"line":154,"column":4}}},"fnMap":{"0":{"name":"ExportToJSON","decl":{"start":{"line":59,"column":24},"end":{"line":59,"column":36}},"loc":{"start":{"line":59,"column":237},"end":{"line":155,"column":1}}},"1":{"name":"(anonymous_1)","decl":{"start":{"line":64,"column":23},"end":{"line":64,"column":28}},"loc":{"start":{"line":64,"column":34},"end":{"line":129,"column":3}}},"2":{"name":"(anonymous_2)","decl":{"start":{"line":131,"column":12},"end":{"line":131,"column":15}},"loc":{"start":{"line":131,"column":17},"end":{"line":135,"column":3}}}},"branchMap":{"0":{"loc":{"start":{"line":67,"column":6},"end":{"line":69,"column":7}},"type":"if","locations":[{"start":{"line":67,"column":6},"end":{"line":69,"column":7}}]},"1":{"loc":{"start":{"line":67,"column":10},"end":{"line":67,"column":40}},"type":"binary-expr","locations":[{"start":{"line":67,"column":10},"end":{"line":67,"column":14}},{"start":{"line":67,"column":18},"end":{"line":67,"column":40}}]},"2":{"loc":{"start":{"line":70,"column":6},"end":{"line":76,"column":7}},"type":"if","locations":[{"start":{"line":70,"column":6},"end":{"line":76,"column":7}}]},"3":{"loc":{"start":{"line":71,"column":8},"end":{"line":74,"column":9}},"type":"if","locations":[{"start":{"line":71,"column":8},"end":{"line":74,"column":9}}]},"4":{"loc":{"start":{"line":81,"column":8},"end":{"line":84,"column":9}},"type":"if","locations":[{"start":{"line":81,"column":8},"end":{"line":84,"column":9}}]},"5":{"loc":{"start":{"line":87,"column":8},"end":{"line":90,"column":9}},"type":"if","locations":[{"start":{"line":87,"column":8},"end":{"line":90,"column":9}}]},"6":{"loc":{"start":{"line":87,"column":12},"end":{"line":87,"column":29}},"type":"binary-expr","locations":[{"start":{"line":87,"column":12},"end":{"line":87,"column":22}},{"start":{"line":87,"column":26},"end":{"line":87,"column":29}}]},"7":{"loc":{"start":{"line":119,"column":70},"end":{"line":119,"column":126}},"type":"cond-expr","locations":[{"start":{"line":119,"column":95},"end":{"line":119,"column":108}},{"start":{"line":119,"column":111},"end":{"line":119,"column":126}}]},"8":{"loc":{"start":{"line":122,"column":6},"end":{"line":125,"column":7}},"type":"if","locations":[{"start":{"line":122,"column":6},"end":{"line":125,"column":7}}]},"9":{"loc":{"start":{"line":132,"column":4},"end":{"line":134,"column":5}},"type":"if","locations":[{"start":{"line":132,"column":4},"end":{"line":134,"column":5}}]},"10":{"loc":{"start":{"line":132,"column":8},"end":{"line":132,"column":67}},"type":"binary-expr","locations":[{"start":{"line":132,"column":8},"end":{"line":132,"column":28}},{"start":{"line":132,"column":32},"end":{"line":132,"column":45}},{"start":{"line":132,"column":49},"end":{"line":132,"column":67}}]},"11":{"loc":{"start":{"line":143,"column":18},"end":{"line":143,"column":66}},"type":"binary-expr","locations":[{"start":{"line":143,"column":18},"end":{"line":143,"column":29}},{"start":{"line":143,"column":33},"end":{"line":143,"column":40}},{"start":{"line":143,"column":44},"end":{"line":143,"column":66}}]},"12":{"loc":{"start":{"line":146,"column":9},"end":{"line":146,"column":63}},"type":"cond-expr","locations":[{"start":{"line":146,"column":23},"end":{"line":146,"column":41}},{"start":{"line":146,"column":44},"end":{"line":146,"column":63}}]}},"s":{"0":1,"1":1,"2":1,"3":1,"4":1,"5":1,"6":1,"7":25,"8":25,"9":25,"10":25,"11":8,"12":8,"13":8,"14":1,"15":7,"16":2,"17":2,"18":2,"19":2,"20":5,"21":5,"22":9,"23":9,"24":4,"25":4,"26":5,"27":5,"28":1,"29":1,"30":4,"31":3,"32":4,"33":4,"34":4,"35":4,"36":4,"37":4,"38":4,"39":4,"40":4,"41":4,"42":4,"43":4,"44":4,"45":4,"46":4,"47":4,"48":4,"49":8,"50":25,"51":16,"52":1,"53":25},"f":{"0":25,"1":8,"2":16},"b":{"0":[1],"1":[8,7],"2":[2],"3":[2],"4":[4],"5":[1],"6":[5,5],"7":[4,0],"8":[4],"9":[1],"10":[16,12,9],"11":[25,20,19],"12":[5,20]}}
,"C:\\Users\\patryk\\Desktop\\passwords\\f\\src\\components\\ImportFromJSON.tsx": {"path":"C:\\Users\\patryk\\Desktop\\passwords\\f\\src\\components\\ImportFromJSON.tsx","statementMap":{"0":{"start":{"line":102,"column":0},"end":{"line":102,"column":24}},"1":{"start":{"line":1,"column":0},"end":{"line":1,"column":40}},"2":{"start":{"line":2,"column":0},"end":{"line":2,"column":48}},"3":{"start":{"line":3,"column":0},"end":{"line":3,"column":38}},"4":{"start":{"line":5,"column":0},"end":{"line":5,"column":31}},"5":{"start":{"line":28,"column":32},"end":{"line":79,"column":1}},"6":{"start":{"line":36,"column":15},"end":{"line":36,"column":38}},"7":{"start":{"line":37,"column":2},"end":{"line":37,"column":20}},"8":{"start":{"line":37,"column":13},"end":{"line":37,"column":20}},"9":{"start":{"line":39,"column":2},"end":{"line":39,"column":23}},"10":{"start":{"line":40,"column":2},"end":{"line":78,"column":3}},"11":{"start":{"line":41,"column":17},"end":{"line":41,"column":34}},"12":{"start":{"line":42,"column":21},"end":{"line":42,"column":37}},"13":{"start":{"line":44,"column":4},"end":{"line":46,"column":5}},"14":{"start":{"line":45,"column":6},"end":{"line":45,"column":66}},"15":{"start":{"line":48,"column":4},"end":{"line":63,"column":5}},"16":{"start":{"line":49,"column":6},"end":{"line":52,"column":7}},"17":{"start":{"line":50,"column":8},"end":{"line":50,"column":77}},"18":{"start":{"line":51,"column":8},"end":{"line":51,"column":17}},"19":{"start":{"line":54,"column":28},"end":{"line":55,"column":null}},"20":{"start":{"line":55,"column":15},"end":{"line":55,"column":71}},"21":{"start":{"line":58,"column":6},"end":{"line":62,"column":7}},"22":{"start":{"line":59,"column":8},"end":{"line":59,"column":74}},"23":{"start":{"line":61,"column":8},"end":{"line":61,"column":71}},"24":{"start":{"line":64,"column":4},"end":{"line":64,"column":46}},"25":{"start":{"line":64,"column":23},"end":{"line":64,"column":46}},"26":{"start":{"line":65,"column":4},"end":{"line":68,"column":7}},"27":{"start":{"line":70,"column":4},"end":{"line":70,"column":57}},"28":{"start":{"line":71,"column":4},"end":{"line":74,"column":7}},"29":{"start":{"line":76,"column":4},"end":{"line":76,"column":26}},"30":{"start":{"line":77,"column":4},"end":{"line":77,"column":28}},"31":{"start":{"line":28,"column":13},"end":{"line":28,"column":32}},"32":{"start":{"line":103,"column":40},"end":{"line":103,"column":55}},"33":{"start":{"line":105,"column":2},"end":{"line":128,"column":4}},"34":{"start":{"line":123,"column":29},"end":{"line":123,"column":124}}},"fnMap":{"0":{"name":"(anonymous_9)","decl":{"start":{"line":28,"column":32},"end":{"line":28,"column":37}},"loc":{"start":{"line":35,"column":19},"end":{"line":79,"column":1}}},"1":{"name":"(anonymous_10)","decl":{"start":{"line":55,"column":8},"end":{"line":55,"column":9}},"loc":{"start":{"line":55,"column":15},"end":{"line":55,"column":71}}},"2":{"name":"ImportFromJSON","decl":{"start":{"line":102,"column":24},"end":{"line":102,"column":38}},"loc":{"start":{"line":102,"column":363},"end":{"line":129,"column":1}}},"3":{"name":"(anonymous_12)","decl":{"start":{"line":123,"column":18},"end":{"line":123,"column":19}},"loc":{"start":{"line":123,"column":29},"end":{"line":123,"column":124}}}},"branchMap":{"0":{"loc":{"start":{"line":37,"column":2},"end":{"line":37,"column":20}},"type":"if","locations":[{"start":{"line":37,"column":2},"end":{"line":37,"column":20}}]},"1":{"loc":{"start":{"line":44,"column":4},"end":{"line":46,"column":5}},"type":"if","locations":[{"start":{"line":44,"column":4},"end":{"line":46,"column":5}}]},"2":{"loc":{"start":{"line":49,"column":6},"end":{"line":52,"column":7}},"type":"if","locations":[{"start":{"line":49,"column":6},"end":{"line":52,"column":7}}]},"3":{"loc":{"start":{"line":49,"column":10},"end":{"line":49,"column":60}},"type":"binary-expr","locations":[{"start":{"line":49,"column":10},"end":{"line":49,"column":25}},{"start":{"line":49,"column":29},"end":{"line":49,"column":41}},{"start":{"line":49,"column":45},"end":{"line":49,"column":60}}]},"4":{"loc":{"start":{"line":55,"column":15},"end":{"line":55,"column":71}},"type":"binary-expr","locations":[{"start":{"line":55,"column":15},"end":{"line":55,"column":44}},{"start":{"line":55,"column":48},"end":{"line":55,"column":71}}]},"5":{"loc":{"start":{"line":58,"column":6},"end":{"line":62,"column":7}},"type":"if","locations":[{"start":{"line":58,"column":6},"end":{"line":62,"column":7}},{"start":{"line":60,"column":13},"end":{"line":62,"column":7}}]},"6":{"loc":{"start":{"line":64,"column":4},"end":{"line":64,"column":46}},"type":"if","locations":[{"start":{"line":64,"column":4},"end":{"line":64,"column":46}}]},"7":{"loc":{"start":{"line":110,"column":18},"end":{"line":110,"column":40}},"type":"binary-expr","locations":[{"start":{"line":110,"column":18},"end":{"line":110,"column":29}},{"start":{"line":110,"column":33},"end":{"line":110,"column":40}}]},"8":{"loc":{"start":{"line":115,"column":11},"end":{"line":115,"column":62}},"type":"cond-expr","locations":[{"start":{"line":115,"column":25},"end":{"line":115,"column":42}},{"start":{"line":115,"column":45},"end":{"line":115,"column":62}}]},"9":{"loc":{"start":{"line":124,"column":18},"end":{"line":124,"column":40}},"type":"binary-expr","locations":[{"start":{"line":124,"column":18},"end":{"line":124,"column":29}},{"start":{"line":124,"column":33},"end":{"line":124,"column":40}}]}},"s":{"0":1,"1":1,"2":1,"3":1,"4":1,"5":1,"6":9,"7":9,"8":1,"9":8,"10":8,"11":8,"12":8,"13":6,"14":1,"15":5,"16":9,"17":2,"18":2,"19":7,"20":7,"21":7,"22":3,"23":4,"24":5,"25":0,"26":5,"27":3,"28":3,"29":8,"30":8,"31":1,"32":19,"33":19,"34":7},"f":{"0":9,"1":7,"2":19,"3":7},"b":{"0":[1],"1":[1],"2":[2],"3":[9,8,7],"4":[7,3],"5":[3,4],"6":[0],"7":[19,13],"8":[6,13],"9":[19,13]}}
,"C:\\Users\\patryk\\Desktop\\passwords\\f\\src\\components\\RecentlyAdded.tsx": {"path":"C:\\Users\\patryk\\Desktop\\passwords\\f\\src\\components\\RecentlyAdded.tsx","statementMap":{"0":{"start":{"line":59,"column":0},"end":{"line":59,"column":24}},"1":{"start":{"line":1,"column":0},"end":{"line":1,"column":48}},"2":{"start":{"line":2,"column":0},"end":{"line":2,"column":52}},"3":{"start":{"line":3,"column":0},"end":{"line":3,"column":36}},"4":{"start":{"line":4,"column":0},"end":{"line":4,"column":44}},"5":{"start":{"line":5,"column":0},"end":{"line":5,"column":56}},"6":{"start":{"line":7,"column":0},"end":{"line":7,"column":113}},"7":{"start":{"line":8,"column":0},"end":{"line":8,"column":42}},"8":{"start":{"line":9,"column":0},"end":{"line":9,"column":52}},"9":{"start":{"line":60,"column":42},"end":{"line":60,"column":57}},"10":{"start":{"line":61,"column":46},"end":{"line":61,"column":61}},"11":{"start":{"line":64,"column":2},"end":{"line":91,"column":13}},"12":{"start":{"line":65,"column":21},"end":{"line":67,"column":34}},"13":{"start":{"line":66,"column":21},"end":{"line":66,"column":47}},"14":{"start":{"line":69,"column":4},"end":{"line":72,"column":5}},"15":{"start":{"line":70,"column":6},"end":{"line":70,"column":31}},"16":{"start":{"line":71,"column":6},"end":{"line":71,"column":13}},"17":{"start":{"line":74,"column":4},"end":{"line":74,"column":28}},"18":{"start":{"line":75,"column":22},"end":{"line":75,"column":23}},"19":{"start":{"line":76,"column":23},"end":{"line":76,"column":38}},"20":{"start":{"line":78,"column":23},"end":{"line":83,"column":5}},"21":{"start":{"line":79,"column":6},"end":{"line":79,"column":23}},"22":{"start":{"line":80,"column":6},"end":{"line":82,"column":7}},"23":{"start":{"line":81,"column":8},"end":{"line":81,"column":33}},"24":{"start":{"line":85,"column":4},"end":{"line":90,"column":7}},"25":{"start":{"line":86,"column":18},"end":{"line":86,"column":29}},"26":{"start":{"line":87,"column":6},"end":{"line":87,"column":20}},"27":{"start":{"line":88,"column":6},"end":{"line":88,"column":30}},"28":{"start":{"line":89,"column":6},"end":{"line":89,"column":31}},"29":{"start":{"line":94,"column":24},"end":{"line":101,"column":16}},"30":{"start":{"line":96,"column":6},"end":{"line":97,"column":null}},"31":{"start":{"line":97,"column":15},"end":{"line":97,"column":69}},"32":{"start":{"line":100,"column":20},"end":{"line":100,"column":85}},"33":{"start":{"line":103,"column":2},"end":{"line":208,"column":4}},"34":{"start":{"line":111,"column":25},"end":{"line":111,"column":46}},"35":{"start":{"line":121,"column":33},"end":{"line":121,"column":63}},"36":{"start":{"line":122,"column":25},"end":{"line":122,"column":51}},"37":{"start":{"line":124,"column":12},"end":{"line":199,"column":14}}},"fnMap":{"0":{"name":"RecentlyAdded","decl":{"start":{"line":59,"column":24},"end":{"line":59,"column":37}},"loc":{"start":{"line":59,"column":210},"end":{"line":209,"column":1}}},"1":{"name":"(anonymous_1)","decl":{"start":{"line":64,"column":12},"end":{"line":64,"column":15}},"loc":{"start":{"line":64,"column":17},"end":{"line":91,"column":3}}},"2":{"name":"(anonymous_2)","decl":{"start":{"line":66,"column":11},"end":{"line":66,"column":12}},"loc":{"start":{"line":66,"column":21},"end":{"line":66,"column":47}}},"3":{"name":"(anonymous_3)","decl":{"start":{"line":78,"column":23},"end":{"line":78,"column":26}},"loc":{"start":{"line":78,"column":28},"end":{"line":83,"column":5}}},"4":{"name":"(anonymous_4)","decl":{"start":{"line":85,"column":21},"end":{"line":85,"column":22}},"loc":{"start":{"line":85,"column":29},"end":{"line":90,"column":5}}},"5":{"name":"(anonymous_5)","decl":{"start":{"line":95,"column":12},"end":{"line":95,"column":13}},"loc":{"start":{"line":96,"column":6},"end":{"line":97,"column":null}}},"6":{"name":"(anonymous_6)","decl":{"start":{"line":97,"column":8},"end":{"line":97,"column":9}},"loc":{"start":{"line":97,"column":15},"end":{"line":97,"column":69}}},"7":{"name":"(anonymous_7)","decl":{"start":{"line":100,"column":10},"end":{"line":100,"column":11}},"loc":{"start":{"line":100,"column":20},"end":{"line":100,"column":85}}},"8":{"name":"(anonymous_8)","decl":{"start":{"line":111,"column":19},"end":{"line":111,"column":22}},"loc":{"start":{"line":111,"column":25},"end":{"line":111,"column":46}}},"9":{"name":"(anonymous_9)","decl":{"start":{"line":120,"column":28},"end":{"line":120,"column":29}},"loc":{"start":{"line":120,"column":37},"end":{"line":200,"column":11}}}},"branchMap":{"0":{"loc":{"start":{"line":69,"column":4},"end":{"line":72,"column":5}},"type":"if","locations":[{"start":{"line":69,"column":4},"end":{"line":72,"column":5}}]},"1":{"loc":{"start":{"line":80,"column":6},"end":{"line":82,"column":7}},"type":"if","locations":[{"start":{"line":80,"column":6},"end":{"line":82,"column":7}}]},"2":{"loc":{"start":{"line":97,"column":15},"end":{"line":97,"column":69}},"type":"binary-expr","locations":[{"start":{"line":97,"column":15},"end":{"line":97,"column":43}},{"start":{"line":97,"column":47},"end":{"line":97,"column":69}}]},"3":{"loc":{"start":{"line":119,"column":9},"end":{"line":204,"column":null}},"type":"cond-expr","locations":[{"start":{"line":120,"column":10},"end":{"line":200,"column":12}},{"start":{"line":202,"column":10},"end":{"line":202,"column":null}}]},"4":{"loc":{"start":{"line":138,"column":21},"end":{"line":174,"column":null}},"type":"cond-expr","locations":[{"start":{"line":139,"column":22},"end":{"line":155,"column":null}},{"start":{"line":158,"column":22},"end":{"line":173,"column":null}}]},"5":{"loc":{"start":{"line":143,"column":37},"end":{"line":143,"column":59}},"type":"cond-expr","locations":[{"start":{"line":143,"column":54},"end":{"line":143,"column":55}},{"start":{"line":143,"column":58},"end":{"line":143,"column":59}}]},"6":{"loc":{"start":{"line":152,"column":37},"end":{"line":152,"column":59}},"type":"cond-expr","locations":[{"start":{"line":152,"column":54},"end":{"line":152,"column":55}},{"start":{"line":152,"column":58},"end":{"line":152,"column":59}}]}},"s":{"0":1,"1":1,"2":1,"3":1,"4":1,"5":1,"6":1,"7":1,"8":1,"9":5,"10":5,"11":5,"12":3,"13":4,"14":3,"15":3,"16":3,"17":0,"18":0,"19":0,"20":0,"21":0,"22":0,"23":0,"24":0,"25":0,"26":0,"27":0,"28":0,"29":5,"30":8,"31":12,"32":4,"33":5,"34":1,"35":8,"36":8,"37":8},"f":{"0":5,"1":3,"2":4,"3":0,"4":0,"5":8,"6":12,"7":4,"8":1,"9":8},"b":{"0":[3],"1":[0],"2":[12,8],"3":[4,1],"4":[0,8],"5":[0,0],"6":[0,0]}}
,"C:\\Users\\patryk\\Desktop\\passwords\\f\\src\\components\\RecoverMasterkeyDialog.tsx": {"path":"C:\\Users\\patryk\\Desktop\\passwords\\f\\src\\components\\RecoverMasterkeyDialog.tsx","statementMap":{"0":{"start":{"line":65,"column":0},"end":{"line":65,"column":16}},"1":{"start":{"line":1,"column":0},"end":{"line":1,"column":40}},"2":{"start":{"line":2,"column":0},"end":{"line":2,"column":48}},"3":{"start":{"line":3,"column":0},"end":{"line":3,"column":null}},"4":{"start":{"line":11,"column":0},"end":{"line":11,"column":46}},"5":{"start":{"line":12,"column":0},"end":{"line":12,"column":46}},"6":{"start":{"line":13,"column":0},"end":{"line":13,"column":31}},"7":{"start":{"line":70,"column":37},"end":{"line":70,"column":49}},"8":{"start":{"line":71,"column":50},"end":{"line":71,"column":62}},"9":{"start":{"line":72,"column":28},"end":{"line":72,"column":40}},"10":{"start":{"line":74,"column":23},"end":{"line":105,"column":3}},"11":{"start":{"line":75,"column":4},"end":{"line":75,"column":17}},"12":{"start":{"line":77,"column":4},"end":{"line":80,"column":5}},"13":{"start":{"line":78,"column":6},"end":{"line":78,"column":40}},"14":{"start":{"line":79,"column":6},"end":{"line":79,"column":13}},"15":{"start":{"line":81,"column":4},"end":{"line":84,"column":5}},"16":{"start":{"line":82,"column":6},"end":{"line":82,"column":71}},"17":{"start":{"line":83,"column":6},"end":{"line":83,"column":13}},"18":{"start":{"line":86,"column":4},"end":{"line":104,"column":5}},"19":{"start":{"line":87,"column":6},"end":{"line":87,"column":36}},"20":{"start":{"line":89,"column":6},"end":{"line":92,"column":9}},"21":{"start":{"line":94,"column":6},"end":{"line":94,"column":29}},"22":{"start":{"line":95,"column":6},"end":{"line":95,"column":24}},"23":{"start":{"line":96,"column":6},"end":{"line":96,"column":30}},"24":{"start":{"line":98,"column":6},"end":{"line":98,"column":66}},"25":{"start":{"line":99,"column":6},"end":{"line":99,"column":87}},"26":{"start":{"line":100,"column":6},"end":{"line":103,"column":9}},"27":{"start":{"line":107,"column":2},"end":{"line":155,"column":4}},"28":{"start":{"line":125,"column":31},"end":{"line":125,"column":60}},"29":{"start":{"line":138,"column":31},"end":{"line":138,"column":66}},"30":{"start":{"line":148,"column":51},"end":{"line":148,"column":73}}},"fnMap":{"0":{"name":"RecoverMasterkeyDialog","decl":{"start":{"line":65,"column":16},"end":{"line":65,"column":38}},"loc":{"start":{"line":69,"column":30},"end":{"line":156,"column":1}}},"1":{"name":"(anonymous_10)","decl":{"start":{"line":74,"column":23},"end":{"line":74,"column":28}},"loc":{"start":{"line":74,"column":34},"end":{"line":105,"column":3}}},"2":{"name":"(anonymous_11)","decl":{"start":{"line":125,"column":24},"end":{"line":125,"column":25}},"loc":{"start":{"line":125,"column":31},"end":{"line":125,"column":60}}},"3":{"name":"(anonymous_12)","decl":{"start":{"line":138,"column":24},"end":{"line":138,"column":25}},"loc":{"start":{"line":138,"column":31},"end":{"line":138,"column":66}}},"4":{"name":"(anonymous_13)","decl":{"start":{"line":148,"column":45},"end":{"line":148,"column":48}},"loc":{"start":{"line":148,"column":51},"end":{"line":148,"column":73}}}},"branchMap":{"0":{"loc":{"start":{"line":77,"column":4},"end":{"line":80,"column":5}},"type":"if","locations":[{"start":{"line":77,"column":4},"end":{"line":80,"column":5}}]},"1":{"loc":{"start":{"line":77,"column":8},"end":{"line":77,"column":39}},"type":"binary-expr","locations":[{"start":{"line":77,"column":8},"end":{"line":77,"column":18}},{"start":{"line":77,"column":22},"end":{"line":77,"column":39}}]},"2":{"loc":{"start":{"line":81,"column":4},"end":{"line":84,"column":5}},"type":"if","locations":[{"start":{"line":81,"column":4},"end":{"line":84,"column":5}}]},"3":{"loc":{"start":{"line":144,"column":13},"end":{"line":144,"column":92}},"type":"binary-expr","locations":[{"start":{"line":144,"column":13},"end":{"line":144,"column":18}},{"start":{"line":144,"column":22},"end":{"line":144,"column":92}}]}},"s":{"0":1,"1":1,"2":1,"3":1,"4":1,"5":1,"6":1,"7":19,"8":19,"9":19,"10":19,"11":4,"12":4,"13":1,"14":1,"15":3,"16":1,"17":1,"18":2,"19":2,"20":1,"21":1,"22":1,"23":1,"24":1,"25":1,"26":1,"27":19,"28":3,"29":3,"30":1},"f":{"0":19,"1":4,"2":3,"3":3,"4":1},"b":{"0":[1],"1":[4,3],"2":[1],"3":[19,4]}}
,"C:\\Users\\patryk\\Desktop\\passwords\\f\\src\\components\\RegisterForm.tsx": {"path":"C:\\Users\\patryk\\Desktop\\passwords\\f\\src\\components\\RegisterForm.tsx","statementMap":{"0":{"start":{"line":127,"column":0},"end":{"line":127,"column":16}},"1":{"start":{"line":1,"column":0},"end":{"line":1,"column":33}},"2":{"start":{"line":2,"column":0},"end":{"line":2,"column":48}},"3":{"start":{"line":3,"column":0},"end":{"line":3,"column":46}},"4":{"start":{"line":4,"column":0},"end":{"line":4,"column":46}},"5":{"start":{"line":5,"column":0},"end":{"line":5,"column":40}},"6":{"start":{"line":6,"column":0},"end":{"line":6,"column":40}},"7":{"start":{"line":7,"column":0},"end":{"line":7,"column":56}},"8":{"start":{"line":8,"column":0},"end":{"line":8,"column":99}},"9":{"start":{"line":9,"column":0},"end":{"line":9,"column":63}},"10":{"start":{"line":10,"column":0},"end":{"line":10,"column":52}},"11":{"start":{"line":128,"column":36},"end":{"line":128,"column":48}},"12":{"start":{"line":129,"column":34},"end":{"line":129,"column":46}},"13":{"start":{"line":130,"column":28},"end":{"line":130,"column":40}},"14":{"start":{"line":131,"column":34},"end":{"line":131,"column":46}},"15":{"start":{"line":132,"column":44},"end":{"line":132,"column":59}},"16":{"start":{"line":133,"column":36},"end":{"line":133,"column":51}},"17":{"start":{"line":134,"column":30},"end":{"line":141,"column":4}},"18":{"start":{"line":142,"column":19},"end":{"line":142,"column":32}},"19":{"start":{"line":143,"column":31},"end":{"line":143,"column":51}},"20":{"start":{"line":145,"column":23},"end":{"line":199,"column":3}},"21":{"start":{"line":146,"column":4},"end":{"line":146,"column":23}},"22":{"start":{"line":147,"column":4},"end":{"line":147,"column":23}},"23":{"start":{"line":148,"column":4},"end":{"line":148,"column":96}},"24":{"start":{"line":151,"column":27},"end":{"line":151,"column":50}},"25":{"start":{"line":152,"column":26},"end":{"line":152,"column":52}},"26":{"start":{"line":153,"column":23},"end":{"line":153,"column":43}},"27":{"start":{"line":154,"column":26},"end":{"line":154,"column":52}},"28":{"start":{"line":155,"column":23},"end":{"line":155,"column":99}},"29":{"start":{"line":157,"column":4},"end":{"line":168,"column":5}},"30":{"start":{"line":158,"column":6},"end":{"line":165,"column":9}},"31":{"start":{"line":166,"column":6},"end":{"line":166,"column":26}},"32":{"start":{"line":167,"column":6},"end":{"line":167,"column":13}},"33":{"start":{"line":170,"column":4},"end":{"line":170,"column":46}},"34":{"start":{"line":170,"column":39},"end":{"line":170,"column":46}},"35":{"start":{"line":171,"column":4},"end":{"line":198,"column":5}},"36":{"start":{"line":172,"column":20},"end":{"line":172,"column":57}},"37":{"start":{"line":173,"column":6},"end":{"line":173,"column":65}},"38":{"start":{"line":174,"column":6},"end":{"line":177,"column":9}},"39":{"start":{"line":179,"column":6},"end":{"line":179,"column":23}},"40":{"start":{"line":180,"column":6},"end":{"line":180,"column":22}},"41":{"start":{"line":181,"column":6},"end":{"line":181,"column":19}},"42":{"start":{"line":182,"column":6},"end":{"line":182,"column":22}},"43":{"start":{"line":183,"column":6},"end":{"line":183,"column":30}},"44":{"start":{"line":184,"column":6},"end":{"line":184,"column":25}},"45":{"start":{"line":186,"column":6},"end":{"line":186,"column":48}},"46":{"start":{"line":187,"column":6},"end":{"line":190,"column":9}},"47":{"start":{"line":191,"column":6},"end":{"line":191,"column":22}},"48":{"start":{"line":192,"column":6},"end":{"line":195,"column":9}},"49":{"start":{"line":197,"column":6},"end":{"line":197,"column":26}},"50":{"start":{"line":201,"column":2},"end":{"line":337,"column":4}},"51":{"start":{"line":222,"column":29},"end":{"line":222,"column":57}},"52":{"start":{"line":241,"column":29},"end":{"line":241,"column":56}},"53":{"start":{"line":260,"column":29},"end":{"line":260,"column":53}},"54":{"start":{"line":278,"column":29},"end":{"line":278,"column":56}},"55":{"start":{"line":295,"column":44},"end":{"line":295,"column":80}}},"fnMap":{"0":{"name":"RegisterForm","decl":{"start":{"line":127,"column":16},"end":{"line":127,"column":28}},"loc":{"start":{"line":127,"column":80},"end":{"line":338,"column":1}}},"1":{"name":"(anonymous_10)","decl":{"start":{"line":145,"column":23},"end":{"line":145,"column":28}},"loc":{"start":{"line":145,"column":52},"end":{"line":199,"column":3}}},"2":{"name":"(anonymous_11)","decl":{"start":{"line":222,"column":22},"end":{"line":222,"column":23}},"loc":{"start":{"line":222,"column":29},"end":{"line":222,"column":57}}},"3":{"name":"(anonymous_12)","decl":{"start":{"line":241,"column":22},"end":{"line":241,"column":23}},"loc":{"start":{"line":241,"column":29},"end":{"line":241,"column":56}}},"4":{"name":"(anonymous_13)","decl":{"start":{"line":260,"column":22},"end":{"line":260,"column":23}},"loc":{"start":{"line":260,"column":29},"end":{"line":260,"column":53}}},"5":{"name":"(anonymous_14)","decl":{"start":{"line":278,"column":22},"end":{"line":278,"column":23}},"loc":{"start":{"line":278,"column":29},"end":{"line":278,"column":56}}},"6":{"name":"(anonymous_15)","decl":{"start":{"line":295,"column":31},"end":{"line":295,"column":32}},"loc":{"start":{"line":295,"column":44},"end":{"line":295,"column":80}}}},"branchMap":{"0":{"loc":{"start":{"line":155,"column":23},"end":{"line":155,"column":99}},"type":"cond-expr","locations":[{"start":{"line":155,"column":39},"end":{"line":155,"column":41}},{"start":{"line":155,"column":44},"end":{"line":155,"column":99}}]},"1":{"loc":{"start":{"line":157,"column":4},"end":{"line":168,"column":5}},"type":"if","locations":[{"start":{"line":157,"column":4},"end":{"line":168,"column":5}}]},"2":{"loc":{"start":{"line":157,"column":8},"end":{"line":157,"column":84}},"type":"binary-expr","locations":[{"start":{"line":157,"column":8},"end":{"line":157,"column":22}},{"start":{"line":157,"column":26},"end":{"line":157,"column":39}},{"start":{"line":157,"column":43},"end":{"line":157,"column":53}},{"start":{"line":157,"column":57},"end":{"line":157,"column":70}},{"start":{"line":157,"column":74},"end":{"line":157,"column":84}}]},"3":{"loc":{"start":{"line":170,"column":4},"end":{"line":170,"column":46}},"type":"if","locations":[{"start":{"line":170,"column":4},"end":{"line":170,"column":46}}]},"4":{"loc":{"start":{"line":226,"column":30},"end":{"line":226,"column":78}},"type":"cond-expr","locations":[{"start":{"line":226,"column":49},"end":{"line":226,"column":66}},{"start":{"line":226,"column":69},"end":{"line":226,"column":78}}]},"5":{"loc":{"start":{"line":228,"column":11},"end":{"line":231,"column":null}},"type":"binary-expr","locations":[{"start":{"line":228,"column":11},"end":{"line":228,"column":27}},{"start":{"line":229,"column":12},"end":{"line":230,"column":null}}]},"6":{"loc":{"start":{"line":245,"column":30},"end":{"line":245,"column":76}},"type":"cond-expr","locations":[{"start":{"line":245,"column":48},"end":{"line":245,"column":64}},{"start":{"line":245,"column":67},"end":{"line":245,"column":76}}]},"7":{"loc":{"start":{"line":247,"column":11},"end":{"line":250,"column":null}},"type":"binary-expr","locations":[{"start":{"line":247,"column":11},"end":{"line":247,"column":26}},{"start":{"line":248,"column":12},"end":{"line":249,"column":null}}]},"8":{"loc":{"start":{"line":264,"column":30},"end":{"line":264,"column":70}},"type":"cond-expr","locations":[{"start":{"line":264,"column":45},"end":{"line":264,"column":58}},{"start":{"line":264,"column":61},"end":{"line":264,"column":70}}]},"9":{"loc":{"start":{"line":266,"column":11},"end":{"line":269,"column":null}},"type":"binary-expr","locations":[{"start":{"line":266,"column":11},"end":{"line":266,"column":23}},{"start":{"line":267,"column":12},"end":{"line":268,"column":null}}]},"10":{"loc":{"start":{"line":282,"column":30},"end":{"line":282,"column":76}},"type":"cond-expr","locations":[{"start":{"line":282,"column":48},"end":{"line":282,"column":64}},{"start":{"line":282,"column":67},"end":{"line":282,"column":76}}]},"11":{"loc":{"start":{"line":284,"column":11},"end":{"line":287,"column":null}},"type":"binary-expr","locations":[{"start":{"line":284,"column":11},"end":{"line":284,"column":26}},{"start":{"line":285,"column":12},"end":{"line":286,"column":null}}]},"12":{"loc":{"start":{"line":298,"column":32},"end":{"line":298,"column":72}},"type":"cond-expr","locations":[{"start":{"line":298,"column":47},"end":{"line":298,"column":60}},{"start":{"line":298,"column":63},"end":{"line":298,"column":72}}]},"13":{"loc":{"start":{"line":314,"column":11},"end":{"line":317,"column":null}},"type":"binary-expr","locations":[{"start":{"line":314,"column":11},"end":{"line":314,"column":23}},{"start":{"line":315,"column":12},"end":{"line":316,"column":null}}]},"14":{"loc":{"start":{"line":321,"column":11},"end":{"line":322,"column":null}},"type":"binary-expr","locations":[{"start":{"line":321,"column":11},"end":{"line":321,"column":25}},{"start":{"line":322,"column":12},"end":{"line":322,"column":73}}]},"15":{"loc":{"start":{"line":326,"column":11},"end":{"line":326,"column":60}},"type":"cond-expr","locations":[{"start":{"line":326,"column":23},"end":{"line":326,"column":43}},{"start":{"line":326,"column":46},"end":{"line":326,"column":60}}]}},"s":{"0":1,"1":1,"2":1,"3":1,"4":1,"5":1,"6":1,"7":1,"8":1,"9":1,"10":1,"11":396,"12":396,"13":396,"14":396,"15":396,"16":396,"17":396,"18":396,"19":396,"20":396,"21":9,"22":9,"23":9,"24":9,"25":9,"26":9,"27":9,"28":9,"29":9,"30":5,"31":5,"32":5,"33":4,"34":0,"35":4,"36":4,"37":4,"38":3,"39":3,"40":3,"41":3,"42":3,"43":3,"44":3,"45":1,"46":1,"47":1,"48":1,"49":4,"50":396,"51":29,"52":72,"53":162,"54":103,"55":4},"f":{"0":396,"1":9,"2":29,"3":72,"4":162,"5":103,"6":4},"b":{"0":[4,5],"1":[5],"2":[9,8,7,5,4],"3":[0],"4":[1,395],"5":[396,1],"6":[1,395],"7":[396,1],"8":[2,394],"9":[396,2],"10":[1,395],"11":[396,1],"12":[5,391],"13":[396,5],"14":[396,1],"15":[4,392]}}
,"C:\\Users\\patryk\\Desktop\\passwords\\f\\src\\components\\ResetPasswordDialog.tsx": {"path":"C:\\Users\\patryk\\Desktop\\passwords\\f\\src\\components\\ResetPasswordDialog.tsx","statementMap":{"0":{"start":{"line":144,"column":0},"end":{"line":144,"column":16}},"1":{"start":{"line":1,"column":0},"end":{"line":1,"column":33}},"2":{"start":{"line":2,"column":0},"end":{"line":2,"column":null}},"3":{"start":{"line":10,"column":0},"end":{"line":10,"column":46}},"4":{"start":{"line":11,"column":0},"end":{"line":11,"column":46}},"5":{"start":{"line":12,"column":0},"end":{"line":12,"column":48}},"6":{"start":{"line":13,"column":0},"end":{"line":13,"column":31}},"7":{"start":{"line":14,"column":0},"end":{"line":14,"column":49}},"8":{"start":{"line":145,"column":28},"end":{"line":145,"column":40}},"9":{"start":{"line":146,"column":38},"end":{"line":146,"column":50}},"10":{"start":{"line":147,"column":36},"end":{"line":147,"column":51}},"11":{"start":{"line":148,"column":30},"end":{"line":148,"column":45}},"12":{"start":{"line":154,"column":23},"end":{"line":184,"column":3}},"13":{"start":{"line":155,"column":19},"end":{"line":155,"column":39}},"14":{"start":{"line":156,"column":4},"end":{"line":159,"column":5}},"15":{"start":{"line":157,"column":6},"end":{"line":157,"column":63}},"16":{"start":{"line":158,"column":6},"end":{"line":158,"column":13}},"17":{"start":{"line":161,"column":4},"end":{"line":161,"column":22}},"18":{"start":{"line":162,"column":4},"end":{"line":162,"column":23}},"19":{"start":{"line":164,"column":4},"end":{"line":183,"column":5}},"20":{"start":{"line":165,"column":6},"end":{"line":165,"column":45}},"21":{"start":{"line":165,"column":38},"end":{"line":165,"column":45}},"22":{"start":{"line":166,"column":20},"end":{"line":166,"column":57}},"23":{"start":{"line":167,"column":6},"end":{"line":167,"column":47}},"24":{"start":{"line":169,"column":6},"end":{"line":169,"column":45}},"25":{"start":{"line":170,"column":6},"end":{"line":170,"column":22}},"26":{"start":{"line":171,"column":6},"end":{"line":174,"column":9}},"27":{"start":{"line":176,"column":6},"end":{"line":176,"column":52}},"28":{"start":{"line":177,"column":6},"end":{"line":180,"column":9}},"29":{"start":{"line":182,"column":6},"end":{"line":182,"column":26}},"30":{"start":{"line":187,"column":22},"end":{"line":192,"column":3}},"31":{"start":{"line":188,"column":4},"end":{"line":188,"column":17}},"32":{"start":{"line":189,"column":4},"end":{"line":189,"column":22}},"33":{"start":{"line":190,"column":4},"end":{"line":190,"column":21}},"34":{"start":{"line":191,"column":4},"end":{"line":191,"column":14}},"35":{"start":{"line":194,"column":2},"end":{"line":242,"column":4}},"36":{"start":{"line":215,"column":33},"end":{"line":215,"column":57}}},"fnMap":{"0":{"name":"ResetPasswordDialog","decl":{"start":{"line":144,"column":16},"end":{"line":144,"column":35}},"loc":{"start":{"line":144,"column":119},"end":{"line":243,"column":1}}},"1":{"name":"(anonymous_1)","decl":{"start":{"line":154,"column":23},"end":{"line":154,"column":28}},"loc":{"start":{"line":154,"column":34},"end":{"line":184,"column":3}}},"2":{"name":"(anonymous_2)","decl":{"start":{"line":187,"column":22},"end":{"line":187,"column":25}},"loc":{"start":{"line":187,"column":27},"end":{"line":192,"column":3}}},"3":{"name":"(anonymous_3)","decl":{"start":{"line":215,"column":26},"end":{"line":215,"column":27}},"loc":{"start":{"line":215,"column":33},"end":{"line":215,"column":57}}}},"branchMap":{"0":{"loc":{"start":{"line":156,"column":4},"end":{"line":159,"column":5}},"type":"if","locations":[{"start":{"line":156,"column":4},"end":{"line":159,"column":5}}]},"1":{"loc":{"start":{"line":165,"column":6},"end":{"line":165,"column":45}},"type":"if","locations":[{"start":{"line":165,"column":6},"end":{"line":165,"column":45}}]},"2":{"loc":{"start":{"line":200,"column":13},"end":{"line":202,"column":80}},"type":"cond-expr","locations":[{"start":{"line":201,"column":16},"end":{"line":201,"column":81}},{"start":{"line":202,"column":16},"end":{"line":202,"column":80}}]},"3":{"loc":{"start":{"line":205,"column":9},"end":{"line":225,"column":16}},"type":"cond-expr","locations":[{"start":{"line":206,"column":10},"end":{"line":223,"column":null}},{"start":{"line":225,"column":12},"end":{"line":225,"column":16}}]},"4":{"loc":{"start":{"line":221,"column":13},"end":{"line":222,"column":null}},"type":"binary-expr","locations":[{"start":{"line":221,"column":13},"end":{"line":221,"column":23}},{"start":{"line":222,"column":14},"end":{"line":222,"column":78}}]},"5":{"loc":{"start":{"line":227,"column":11},"end":{"line":237,"column":null}},"type":"cond-expr","locations":[{"start":{"line":228,"column":12},"end":{"line":234,"column":null}},{"start":{"line":237,"column":12},"end":{"line":237,"column":58}}]},"6":{"loc":{"start":{"line":233,"column":17},"end":{"line":233,"column":54}},"type":"cond-expr","locations":[{"start":{"line":233,"column":29},"end":{"line":233,"column":43}},{"start":{"line":233,"column":46},"end":{"line":233,"column":54}}]}},"s":{"0":2,"1":2,"2":2,"3":2,"4":2,"5":2,"6":2,"7":2,"8":453,"9":453,"10":453,"11":453,"12":453,"13":5,"14":5,"15":1,"16":1,"17":4,"18":4,"19":4,"20":4,"21":0,"22":4,"23":4,"24":4,"25":3,"26":3,"27":1,"28":1,"29":4,"30":453,"31":2,"32":2,"33":2,"34":2,"35":453,"36":93},"f":{"0":453,"1":5,"2":2,"3":93},"b":{"0":[1],"1":[0],"2":[3,450],"3":[450,3],"4":[450,1],"5":[450,3],"6":[4,446]}}
,"C:\\Users\\patryk\\Desktop\\passwords\\f\\src\\components\\ShowPasswordDialog.tsx": {"path":"C:\\Users\\patryk\\Desktop\\passwords\\f\\src\\components\\ShowPasswordDialog.tsx","statementMap":{"0":{"start":{"line":88,"column":0},"end":{"line":88,"column":16}},"1":{"start":{"line":1,"column":0},"end":{"line":1,"column":51}},"2":{"start":{"line":2,"column":0},"end":{"line":2,"column":48}},"3":{"start":{"line":3,"column":0},"end":{"line":3,"column":null}},"4":{"start":{"line":11,"column":0},"end":{"line":11,"column":46}},"5":{"start":{"line":12,"column":0},"end":{"line":12,"column":59}},"6":{"start":{"line":13,"column":0},"end":{"line":13,"column":28}},"7":{"start":{"line":14,"column":0},"end":{"line":14,"column":66}},"8":{"start":{"line":98,"column":34},"end":{"line":98,"column":46}},"9":{"start":{"line":99,"column":34},"end":{"line":99,"column":45}},"10":{"start":{"line":100,"column":56},"end":{"line":100,"column":71}},"11":{"start":{"line":101,"column":62},"end":{"line":101,"column":77}},"12":{"start":{"line":104,"column":24},"end":{"line":139,"column":3}},"13":{"start":{"line":105,"column":4},"end":{"line":105,"column":38}},"14":{"start":{"line":105,"column":31},"end":{"line":105,"column":38}},"15":{"start":{"line":107,"column":4},"end":{"line":138,"column":5}},"16":{"start":{"line":108,"column":6},"end":{"line":108,"column":48}},"17":{"start":{"line":109,"column":24},"end":{"line":109,"column":46}},"18":{"start":{"line":110,"column":6},"end":{"line":110,"column":45}},"19":{"start":{"line":112,"column":28},"end":{"line":112,"column":73}},"20":{"start":{"line":113,"column":6},"end":{"line":113,"column":72}},"21":{"start":{"line":113,"column":26},"end":{"line":113,"column":72}},"22":{"start":{"line":115,"column":30},"end":{"line":115,"column":54}},"23":{"start":{"line":116,"column":6},"end":{"line":116,"column":90}},"24":{"start":{"line":116,"column":29},"end":{"line":116,"column":90}},"25":{"start":{"line":118,"column":6},"end":{"line":124,"column":7}},"26":{"start":{"line":119,"column":8},"end":{"line":122,"column":9}},"27":{"start":{"line":120,"column":10},"end":{"line":120,"column":39}},"28":{"start":{"line":121,"column":10},"end":{"line":121,"column":42}},"29":{"start":{"line":123,"column":8},"end":{"line":123,"column":15}},"30":{"start":{"line":126,"column":32},"end":{"line":126,"column":83}},"31":{"start":{"line":127,"column":6},"end":{"line":127,"column":37}},"32":{"start":{"line":128,"column":6},"end":{"line":128,"column":63}},"33":{"start":{"line":129,"column":6},"end":{"line":129,"column":38}},"34":{"start":{"line":131,"column":6},"end":{"line":131,"column":64}},"35":{"start":{"line":132,"column":6},"end":{"line":132,"column":40}},"36":{"start":{"line":133,"column":6},"end":{"line":133,"column":21}},"37":{"start":{"line":134,"column":6},"end":{"line":137,"column":7}},"38":{"start":{"line":135,"column":8},"end":{"line":135,"column":37}},"39":{"start":{"line":136,"column":8},"end":{"line":136,"column":40}},"40":{"start":{"line":141,"column":2},"end":{"line":145,"column":55}},"41":{"start":{"line":142,"column":4},"end":{"line":144,"column":5}},"42":{"start":{"line":143,"column":6},"end":{"line":143,"column":22}},"43":{"start":{"line":148,"column":2},"end":{"line":152,"column":43}},"44":{"start":{"line":149,"column":4},"end":{"line":151,"column":5}},"45":{"start":{"line":150,"column":6},"end":{"line":150,"column":22}},"46":{"start":{"line":154,"column":2},"end":{"line":195,"column":4}},"47":{"start":{"line":185,"column":35},"end":{"line":185,"column":57}}},"fnMap":{"0":{"name":"ShowPasswordDialog","decl":{"start":{"line":88,"column":16},"end":{"line":88,"column":34}},"loc":{"start":{"line":97,"column":26},"end":{"line":196,"column":1}}},"1":{"name":"(anonymous_11)","decl":{"start":{"line":104,"column":24},"end":{"line":104,"column":29}},"loc":{"start":{"line":104,"column":35},"end":{"line":139,"column":3}}},"2":{"name":"(anonymous_12)","decl":{"start":{"line":141,"column":12},"end":{"line":141,"column":15}},"loc":{"start":{"line":141,"column":17},"end":{"line":145,"column":3}}},"3":{"name":"(anonymous_13)","decl":{"start":{"line":148,"column":12},"end":{"line":148,"column":15}},"loc":{"start":{"line":148,"column":17},"end":{"line":152,"column":3}}},"4":{"name":"(anonymous_14)","decl":{"start":{"line":185,"column":29},"end":{"line":185,"column":32}},"loc":{"start":{"line":185,"column":35},"end":{"line":185,"column":57}}}},"branchMap":{"0":{"loc":{"start":{"line":105,"column":4},"end":{"line":105,"column":38}},"type":"if","locations":[{"start":{"line":105,"column":4},"end":{"line":105,"column":38}}]},"1":{"loc":{"start":{"line":105,"column":8},"end":{"line":105,"column":29}},"type":"binary-expr","locations":[{"start":{"line":105,"column":8},"end":{"line":105,"column":12}},{"start":{"line":105,"column":16},"end":{"line":105,"column":29}}]},"2":{"loc":{"start":{"line":113,"column":6},"end":{"line":113,"column":72}},"type":"if","locations":[{"start":{"line":113,"column":6},"end":{"line":113,"column":72}}]},"3":{"loc":{"start":{"line":116,"column":6},"end":{"line":116,"column":90}},"type":"if","locations":[{"start":{"line":116,"column":6},"end":{"line":116,"column":90}}]},"4":{"loc":{"start":{"line":116,"column":10},"end":{"line":116,"column":27}},"type":"binary-expr","locations":[{"start":{"line":116,"column":10},"end":{"line":116,"column":20}},{"start":{"line":116,"column":24},"end":{"line":116,"column":27}}]},"5":{"loc":{"start":{"line":118,"column":6},"end":{"line":124,"column":7}},"type":"if","locations":[{"start":{"line":118,"column":6},"end":{"line":124,"column":7}}]},"6":{"loc":{"start":{"line":119,"column":8},"end":{"line":122,"column":9}},"type":"if","locations":[{"start":{"line":119,"column":8},"end":{"line":122,"column":9}}]},"7":{"loc":{"start":{"line":134,"column":6},"end":{"line":137,"column":7}},"type":"if","locations":[{"start":{"line":134,"column":6},"end":{"line":137,"column":7}}]},"8":{"loc":{"start":{"line":142,"column":4},"end":{"line":144,"column":5}},"type":"if","locations":[{"start":{"line":142,"column":4},"end":{"line":144,"column":5}}]},"9":{"loc":{"start":{"line":149,"column":4},"end":{"line":151,"column":5}},"type":"if","locations":[{"start":{"line":149,"column":4},"end":{"line":151,"column":5}}]},"10":{"loc":{"start":{"line":149,"column":8},"end":{"line":149,"column":71}},"type":"binary-expr","locations":[{"start":{"line":149,"column":8},"end":{"line":149,"column":28}},{"start":{"line":149,"column":32},"end":{"line":149,"column":45}},{"start":{"line":149,"column":49},"end":{"line":149,"column":71}}]},"11":{"loc":{"start":{"line":169,"column":57},"end":{"line":169,"column":83}},"type":"binary-expr","locations":[{"start":{"line":169,"column":57},"end":{"line":169,"column":65}},{"start":{"line":169,"column":69},"end":{"line":169,"column":83}}]}},"s":{"0":1,"1":1,"2":1,"3":1,"4":1,"5":1,"6":1,"7":1,"8":23,"9":23,"10":23,"11":23,"12":23,"13":12,"14":1,"15":11,"16":11,"17":11,"18":11,"19":11,"20":11,"21":1,"22":10,"23":10,"24":1,"25":9,"26":2,"27":2,"28":2,"29":2,"30":7,"31":6,"32":6,"33":6,"34":3,"35":3,"36":3,"37":3,"38":3,"39":3,"40":23,"41":12,"42":11,"43":23,"44":18,"45":1,"46":23,"47":1},"f":{"0":23,"1":12,"2":12,"3":18,"4":1},"b":{"0":[1],"1":[12,11],"2":[1],"3":[1],"4":[10,10],"5":[2],"6":[2],"7":[3],"8":[11],"9":[1],"10":[18,13,10],"11":[23,15]}}
,"C:\\Users\\patryk\\Desktop\\passwords\\f\\src\\components\\UpdateMasterkeyDialog.tsx": {"path":"C:\\Users\\patryk\\Desktop\\passwords\\f\\src\\components\\UpdateMasterkeyDialog.tsx","statementMap":{"0":{"start":{"line":85,"column":0},"end":{"line":85,"column":16}},"1":{"start":{"line":1,"column":0},"end":{"line":1,"column":40}},"2":{"start":{"line":2,"column":0},"end":{"line":2,"column":48}},"3":{"start":{"line":3,"column":0},"end":{"line":3,"column":null}},"4":{"start":{"line":11,"column":0},"end":{"line":11,"column":46}},"5":{"start":{"line":12,"column":0},"end":{"line":12,"column":46}},"6":{"start":{"line":14,"column":0},"end":{"line":14,"column":31}},"7":{"start":{"line":90,"column":42},"end":{"line":90,"column":54}},"8":{"start":{"line":91,"column":42},"end":{"line":91,"column":54}},"9":{"start":{"line":92,"column":56},"end":{"line":92,"column":68}},"10":{"start":{"line":93,"column":28},"end":{"line":93,"column":40}},"11":{"start":{"line":96,"column":23},"end":{"line":123,"column":3}},"12":{"start":{"line":97,"column":4},"end":{"line":97,"column":17}},"13":{"start":{"line":99,"column":4},"end":{"line":102,"column":5}},"14":{"start":{"line":100,"column":6},"end":{"line":100,"column":46}},"15":{"start":{"line":101,"column":6},"end":{"line":101,"column":13}},"16":{"start":{"line":103,"column":4},"end":{"line":106,"column":5}},"17":{"start":{"line":104,"column":6},"end":{"line":104,"column":82}},"18":{"start":{"line":105,"column":6},"end":{"line":105,"column":13}},"19":{"start":{"line":108,"column":4},"end":{"line":122,"column":5}},"20":{"start":{"line":109,"column":6},"end":{"line":109,"column":80}},"21":{"start":{"line":110,"column":6},"end":{"line":110,"column":79}},"22":{"start":{"line":111,"column":6},"end":{"line":111,"column":29}},"23":{"start":{"line":112,"column":6},"end":{"line":112,"column":26}},"24":{"start":{"line":113,"column":6},"end":{"line":113,"column":26}},"25":{"start":{"line":114,"column":6},"end":{"line":114,"column":33}},"26":{"start":{"line":116,"column":6},"end":{"line":116,"column":59}},"27":{"start":{"line":117,"column":6},"end":{"line":117,"column":90}},"28":{"start":{"line":118,"column":6},"end":{"line":121,"column":9}},"29":{"start":{"line":125,"column":2},"end":{"line":173,"column":4}},"30":{"start":{"line":139,"column":31},"end":{"line":139,"column":62}},"31":{"start":{"line":149,"column":31},"end":{"line":149,"column":62}},"32":{"start":{"line":159,"column":31},"end":{"line":159,"column":69}},"33":{"start":{"line":168,"column":51},"end":{"line":168,"column":73}}},"fnMap":{"0":{"name":"UpdateMasterkeyDialog","decl":{"start":{"line":85,"column":16},"end":{"line":85,"column":37}},"loc":{"start":{"line":89,"column":29},"end":{"line":174,"column":1}}},"1":{"name":"(anonymous_10)","decl":{"start":{"line":96,"column":23},"end":{"line":96,"column":28}},"loc":{"start":{"line":96,"column":34},"end":{"line":123,"column":3}}},"2":{"name":"(anonymous_11)","decl":{"start":{"line":139,"column":24},"end":{"line":139,"column":25}},"loc":{"start":{"line":139,"column":31},"end":{"line":139,"column":62}}},"3":{"name":"(anonymous_12)","decl":{"start":{"line":149,"column":24},"end":{"line":149,"column":25}},"loc":{"start":{"line":149,"column":31},"end":{"line":149,"column":62}}},"4":{"name":"(anonymous_13)","decl":{"start":{"line":159,"column":24},"end":{"line":159,"column":25}},"loc":{"start":{"line":159,"column":31},"end":{"line":159,"column":69}}},"5":{"name":"(anonymous_14)","decl":{"start":{"line":168,"column":45},"end":{"line":168,"column":48}},"loc":{"start":{"line":168,"column":51},"end":{"line":168,"column":73}}}},"branchMap":{"0":{"loc":{"start":{"line":99,"column":4},"end":{"line":102,"column":5}},"type":"if","locations":[{"start":{"line":99,"column":4},"end":{"line":102,"column":5}}]},"1":{"loc":{"start":{"line":99,"column":8},"end":{"line":99,"column":62}},"type":"binary-expr","locations":[{"start":{"line":99,"column":8},"end":{"line":99,"column":21}},{"start":{"line":99,"column":25},"end":{"line":99,"column":38}},{"start":{"line":99,"column":42},"end":{"line":99,"column":62}}]},"2":{"loc":{"start":{"line":103,"column":4},"end":{"line":106,"column":5}},"type":"if","locations":[{"start":{"line":103,"column":4},"end":{"line":106,"column":5}}]},"3":{"loc":{"start":{"line":119,"column":22},"end":{"line":119,"column":93}},"type":"cond-expr","locations":[{"start":{"line":119,"column":47},"end":{"line":119,"column":60}},{"start":{"line":119,"column":63},"end":{"line":119,"column":93}}]},"4":{"loc":{"start":{"line":164,"column":11},"end":{"line":164,"column":90}},"type":"binary-expr","locations":[{"start":{"line":164,"column":11},"end":{"line":164,"column":16}},{"start":{"line":164,"column":20},"end":{"line":164,"column":90}}]}},"s":{"0":1,"1":1,"2":1,"3":1,"4":1,"5":1,"6":1,"7":22,"8":22,"9":22,"10":22,"11":22,"12":4,"13":4,"14":1,"15":1,"16":3,"17":1,"18":1,"19":2,"20":2,"21":1,"22":1,"23":1,"24":1,"25":1,"26":1,"27":1,"28":1,"29":22,"30":3,"31":3,"32":3,"33":1},"f":{"0":22,"1":4,"2":3,"3":3,"4":3,"5":1},"b":{"0":[1],"1":[4,3,3],"2":[1],"3":[1,0],"4":[22,4]}}
[...]
s":[{"start":{"line":192,"column":4},"end":{"line":192,"column":75}}]},"10":{"loc":{"start":{"line":193,"column":4},"end":{"line":193,"column":75}},"type":"if","locations":[{"start":{"line":193,"column":4},"end":{"line":193,"column":75}}]},"11":{"loc":{"start":{"line":194,"column":4},"end":{"line":194,"column":77}},"type":"if","locations":[{"start":{"line":194,"column":4},"end":{"line":194,"column":77}}]},"12":{"loc":{"start":{"line":253,"column":6},"end":{"line":256,"column":7}},"type":"if","locations":[{"start":{"line":253,"column":6},"end":{"line":256,"column":7}}]},"13":{"loc":{"start":{"line":299,"column":11},"end":{"line":302,"column":21}},"type":"cond-expr","locations":[{"start":{"line":299,"column":18},"end":{"line":302,"column":16}},{"start":{"line":302,"column":19},"end":{"line":302,"column":21}}]},"14":{"loc":{"start":{"line":300,"column":31},"end":{"line":300,"column":94}},"type":"binary-expr","locations":[{"start":{"line":300,"column":31},"end":{"line":300,"column":35}},{"start":{"line":300,"column":40},"end":{"line":300,"column":65}},{"start":{"line":300,"column":69},"end":{"line":300,"column":93}}]},"15":{"loc":{"start":{"line":364,"column":2},"end":{"line":366,"column":3}},"type":"if","locations":[{"start":{"line":364,"column":2},"end":{"line":366,"column":3}}]},"16":{"loc":{"start":{"line":410,"column":10},"end":{"line":410,"column":38}},"type":"cond-expr","locations":[{"start":{"line":410,"column":17},"end":{"line":410,"column":33}},{"start":{"line":410,"column":36},"end":{"line":410,"column":38}}]},"17":{"loc":{"start":{"line":465,"column":3},"end":{"line":465,"column":62}},"type":"if","locations":[{"start":{"line":465,"column":3},"end":{"line":465,"column":62}}]},"18":{"loc":{"start":{"line":465,"column":7},"end":{"line":465,"column":47}},"type":"binary-expr","locations":[{"start":{"line":465,"column":7},"end":{"line":465,"column":15}},{"start":{"line":465,"column":19},"end":{"line":465,"column":47}}]},"19":{"loc":{"start":{"line":498,"column":3},"end":{"line":498,"column":58}},"type":"if","locations":[{"start":{"line":498,"column":3},"end":{"line":498,"column":58}}]},"20":{"loc":{"start":{"line":498,"column":7},"end":{"line":498,"column":47}},"type":"binary-expr","locations":[{"start":{"line":498,"column":7},"end":{"line":498,"column":15}},{"start":{"line":498,"column":19},"end":{"line":498,"column":47}}]},"21":{"loc":{"start":{"line":502,"column":10},"end":{"line":502,"column":65}},"type":"cond-expr","locations":[{"start":{"line":502,"column":30},"end":{"line":502,"column":61}},{"start":{"line":502,"column":64},"end":{"line":502,"column":65}}]},"22":{"loc":{"start":{"line":531,"column":19},"end":{"line":531,"column":70}},"type":"binary-expr","locations":[{"start":{"line":531,"column":19},"end":{"line":531,"column":38}},{"start":{"line":531,"column":42},"end":{"line":531,"column":70}}]}},"s":{"0":4,"1":4,"2":45,"3":45,"4":45,"5":45,"6":45,"7":45,"8":0,"9":4,"10":6,"11":6,"12":6,"13":6,"14":6,"15":3,"16":3,"17":0,"18":3,"19":1,"20":2,"21":6,"22":6,"23":4,"24":4,"25":3,"26":1,"27":2,"28":4,"29":5,"30":2,"31":3,"32":2,"33":4,"34":4,"35":11,"36":11,"37":11,"38":11,"39":4,"40":4,"41":12,"42":5,"43":7,"44":5,"45":2,"46":1,"47":1,"48":4,"49":4,"50":4,"51":2,"52":2,"53":2,"54":2,"55":2,"56":5,"57":5,"58":2,"59":2,"60":2,"61":14,"62":4,"63":3,"64":3,"65":4,"66":11,"67":11,"68":161,"69":11,"70":4,"71":4,"72":11,"73":11,"74":1,"75":10,"76":4,"77":4,"78":4,"79":4,"80":25,"81":25,"82":4,"83":4,"84":18,"85":4,"86":4,"87":3,"88":3,"89":3,"90":1,"91":2,"92":2,"93":4,"94":4,"95":3,"96":3,"97":3,"98":1,"99":2,"100":2,"101":2,"102":4,"103":4,"104":15,"105":15,"106":15,"107":15,"108":15,"109":15,"110":4},"f":{"0":45,"1":6,"2":3,"3":4,"4":5,"5":3,"6":11,"7":12,"8":2,"9":5,"10":14,"11":3,"12":3,"13":11,"14":161,"15":11,"16":25,"17":18,"18":3,"19":3,"20":15},"b":{"0":[45,0],"1":[45,45],"2":[3,3],"3":[0],"4":[1,2],"5":[1],"6":[5,3],"7":[2,0],"8":[1,10],"9":[5],"10":[5],"11":[1],"12":[2],"13":[2,1],"14":[3,3,0],"15":[1],"16":[18,7],"17":[1],"18":[3,3],"19":[1],"20":[3,3],"21":[1,1],"22":[15,6]}}
,"C:\\Users\\patryk\\Desktop\\passwords\\f\\src\\lib\\icons.ts": {"path":"C:\\Users\\patryk\\Desktop\\passwords\\f\\src\\lib\\icons.ts","statementMap":{"0":{"start":{"line":1,"column":0},"end":{"line":1,"column":44}},"1":{"start":{"line":44,"column":15},"end":{"line":149,"column":4}},"2":{"start":{"line":177,"column":29},"end":{"line":190,"column":3}},"3":{"start":{"line":179,"column":28},"end":{"line":179,"column":82}},"4":{"start":{"line":182,"column":28},"end":{"line":186,"column":6}},"5":{"start":{"line":183,"column":29},"end":{"line":183,"column":76}},"6":{"start":{"line":184,"column":28},"end":{"line":184,"column":74}},"7":{"start":{"line":185,"column":6},"end":{"line":185,"column":97}},"8":{"start":{"line":189,"column":4},"end":{"line":189,"column":55}},"9":{"start":{"line":177,"column":15},"end":{"line":177,"column":29}}},"fnMap":{"0":{"name":"(anonymous_0)","decl":{"start":{"line":177,"column":29},"end":{"line":177,"column":30}},"loc":{"start":{"line":177,"column":55},"end":{"line":190,"column":3}}},"1":{"name":"(anonymous_1)","decl":{"start":{"line":182,"column":43},"end":{"line":182,"column":44}},"loc":{"start":{"line":182,"column":56},"end":{"line":186,"column":5}}}},"branchMap":{"0":{"loc":{"start":{"line":185,"column":13},"end":{"line":185,"column":96}},"type":"binary-expr","locations":[{"start":{"line":185,"column":13},"end":{"line":185,"column":53}},{"start":{"line":185,"column":57},"end":{"line":185,"column":96}}]},"1":{"loc":{"start":{"line":189,"column":11},"end":{"line":189,"column":54}},"type":"cond-expr","locations":[{"start":{"line":189,"column":29},"end":{"line":189,"column":49}},{"start":{"line":189,"column":52},"end":{"line":189,"column":54}}]}},"s":{"0":2,"1":2,"2":2,"3":29,"4":29,"5":1445,"6":1445,"7":1445,"8":29,"9":2},"f":{"0":29,"1":1445},"b":{"0":[1445,1437],"1":[15,14]}}
,"C:\\Users\\patryk\\Desktop\\passwords\\f\\src\\lib\\utils.ts": {"path":"C:\\Users\\patryk\\Desktop\\passwords\\f\\src\\lib\\utils.ts","statementMap":{"0":{"start":{"line":4,"column":0},"end":{"line":4,"column":16}},"1":{"start":{"line":1,"column":0},"end":{"line":1,"column":44}},"2":{"start":{"line":2,"column":0},"end":{"line":2,"column":40}},"3":{"start":{"line":5,"column":2},"end":{"line":5,"column":null}}},"fnMap":{"0":{"name":"cn","decl":{"start":{"line":4,"column":16},"end":{"line":4,"column":18}},"loc":{"start":{"line":4,"column":42},"end":{"line":6,"column":1}}}},"branchMap":{},"s":{"0":11,"1":11,"2":11,"3":11114},"f":{"0":11114},"b":{}}
,"C:\\Users\\patryk\\Desktop\\passwords\\f\\src\\lib\\validators.ts": {"path":"C:\\Users\\patryk\\Desktop\\passwords\\f\\src\\lib\\validators.ts","statementMap":{"0":{"start":{"line":185,"column":0},"end":{"line":185,"column":16}},"1":{"start":{"line":22,"column":28},"end":{"line":36,"column":3}},"2":{"start":{"line":23,"column":4},"end":{"line":25,"column":5}},"3":{"start":{"line":24,"column":6},"end":{"line":24,"column":52}},"4":{"start":{"line":26,"column":4},"end":{"line":28,"column":5}},"5":{"start":{"line":27,"column":6},"end":{"line":27,"column":55}},"6":{"start":{"line":29,"column":4},"end":{"line":31,"column":5}},"7":{"start":{"line":30,"column":6},"end":{"line":30,"column":44}},"8":{"start":{"line":32,"column":4},"end":{"line":34,"column":5}},"9":{"start":{"line":33,"column":6},"end":{"line":33,"column":57}},"10":{"start":{"line":35,"column":4},"end":{"line":35,"column":14}},"11":{"start":{"line":22,"column":13},"end":{"line":22,"column":28}},"12":{"start":{"line":59,"column":34},"end":{"line":73,"column":3}},"13":{"start":{"line":60,"column":4},"end":{"line":62,"column":5}},"14":{"start":{"line":61,"column":6},"end":{"line":61,"column":56}},"15":{"start":{"line":63,"column":4},"end":{"line":65,"column":5}},"16":{"start":{"line":64,"column":6},"end":{"line":64,"column":59}},"17":{"start":{"line":66,"column":4},"end":{"line":68,"column":5}},"18":{"start":{"line":67,"column":6},"end":{"line":67,"column":48}},"19":{"start":{"line":69,"column":4},"end":{"line":71,"column":5}},"20":{"start":{"line":70,"column":6},"end":{"line":70,"column":71}},"21":{"start":{"line":72,"column":4},"end":{"line":72,"column":14}},"22":{"start":{"line":59,"column":15},"end":{"line":59,"column":34}},"23":{"start":{"line":94,"column":31},"end":{"line":99,"column":3}},"24":{"start":{"line":95,"column":4},"end":{"line":97,"column":5}},"25":{"start":{"line":96,"column":6},"end":{"line":96,"column":43}},"26":{"start":{"line":98,"column":4},"end":{"line":98,"column":14}},"27":{"start":{"line":94,"column":15},"end":{"line":94,"column":31}},"28":{"start":{"line":121,"column":34},"end":{"line":138,"column":3}},"29":{"start":{"line":122,"column":4},"end":{"line":124,"column":5}},"30":{"start":{"line":123,"column":6},"end":{"line":123,"column":53}},"31":{"start":{"line":125,"column":4},"end":{"line":127,"column":5}},"32":{"start":{"line":126,"column":6},"end":{"line":126,"column":66}},"33":{"start":{"line":128,"column":4},"end":{"line":130,"column":5}},"34":{"start":{"line":129,"column":6},"end":{"line":129,"column":66}},"35":{"start":{"line":131,"column":4},"end":{"line":133,"column":5}},"36":{"start":{"line":132,"column":6},"end":{"line":132,"column":60}},"37":{"start":{"line":134,"column":4},"end":{"line":136,"column":5}},"38":{"start":{"line":135,"column":6},"end":{"line":135,"column":79}},"39":{"start":{"line":137,"column":4},"end":{"line":137,"column":14}},"40":{"start":{"line":121,"column":15},"end":{"line":121,"column":34}},"41":{"start":{"line":159,"column":28},"end":{"line":162,"column":3}},"42":{"start":{"line":160,"column":18},"end":{"line":160,"column":34}},"43":{"start":{"line":161,"column":4},"end":{"line":161,"column":29}},"44":{"start":{"line":159,"column":13},"end":{"line":159,"column":28}},"45":{"start":{"line":186,"column":6},"end":{"line":188,"column":7}},"46":{"start":{"line":187,"column":8},"end":{"line":187,"column":21}},"47":{"start":{"line":190,"column":6},"end":{"line":200,"column":7}},"48":{"start":{"line":191,"column":24},"end":{"line":191,"column":37}},"49":{"start":{"line":193,"column":8},"end":{"line":195,"column":9}},"50":{"start":{"line":194,"column":10},"end":{"line":194,"column":22}},"51":{"start":{"line":197,"column":8},"end":{"line":197,"column":36}},"52":{"start":{"line":199,"column":8},"end":{"line":199,"column":20}},"53":{"start":{"line":202,"column":0},"end":{"line":202,"column":25}},"54":{"start":{"line":228,"column":14},"end":{"line":242,"column":7}},"55":{"start":{"line":239,"column":22},"end":{"line":239,"column":63}}},"fnMap":{"0":{"name":"(anonymous_9)","decl":{"start":{"line":22,"column":28},"end":{"line":22,"column":29}},"loc":{"start":{"line":22,"column":53},"end":{"line":36,"column":3}}},"1":{"name":"(anonymous_10)","decl":{"start":{"line":59,"column":34},"end":{"line":59,"column":35}},"loc":{"start":{"line":59,"column":63},"end":{"line":73,"column":3}}},"2":{"name":"(anonymous_11)","decl":{"start":{"line":94,"column":31},"end":{"line":94,"column":32}},"loc":{"start":{"line":94,"column":57},"end":{"line":99,"column":3}}},"3":{"name":"(anonymous_12)","decl":{"start":{"line":121,"column":34},"end":{"line":121,"column":35}},"loc":{"start":{"line":121,"column":63},"end":{"line":138,"column":3}}},"4":{"name":"(anonymous_13)","decl":{"start":{"line":159,"column":28},"end":{"line":159,"column":29}},"loc":{"start":{"line":159,"column":46},"end":{"line":162,"column":3}}},"5":{"name":"isTokenExpired2","decl":{"start":{"line":185,"column":16},"end":{"line":185,"column":31}},"loc":{"start":{"line":185,"column":50},"end":{"line":201,"column":5}}},"6":{"name":"(anonymous_15)","decl":{"start":{"line":239,"column":12},"end":{"line":239,"column":13}},"loc":{"start":{"line":239,"column":22},"end":{"line":239,"column":63}}}},"branchMap":{"0":{"loc":{"start":{"line":23,"column":4},"end":{"line":25,"column":5}},"type":"if","locations":[{"start":{"line":23,"column":4},"end":{"line":25,"column":5}}]},"1":{"loc":{"start":{"line":26,"column":4},"end":{"line":28,"column":5}},"type":"if","locations":[{"start":{"line":26,"column":4},"end":{"line":28,"column":5}}]},"2":{"loc":{"start":{"line":29,"column":4},"end":{"line":31,"column":5}},"type":"if","locations":[{"start":{"line":29,"column":4},"end":{"line":31,"column":5}}]},"3":{"loc":{"start":{"line":32,"column":4},"end":{"line":34,"column":5}},"type":"if","locations":[{"start":{"line":32,"column":4},"end":{"line":34,"column":5}}]},"4":{"loc":{"start":{"line":60,"column":4},"end":{"line":62,"column":5}},"type":"if","locations":[{"start":{"line":60,"column":4},"end":{"line":62,"column":5}}]},"5":{"loc":{"start":{"line":63,"column":4},"end":{"line":65,"column":5}},"type":"if","locations":[{"start":{"line":63,"column":4},"end":{"line":65,"column":5}}]},"6":{"loc":{"start":{"line":66,"column":4},"end":{"line":68,"column":5}},"type":"if","locations":[{"start":{"line":66,"column":4},"end":{"line":68,"column":5}}]},"7":{"loc":{"start":{"line":69,"column":4},"end":{"line":71,"column":5}},"type":"if","locations":[{"start":{"line":69,"column":4},"end":{"line":71,"column":5}}]},"8":{"loc":{"start":{"line":95,"column":4},"end":{"line":97,"column":5}},"type":"if","locations":[{"start":{"line":95,"column":4},"end":{"line":97,"column":5}}]},"9":{"loc":{"start":{"line":122,"column":4},"end":{"line":124,"column":5}},"type":"if","locations":[{"start":{"line":122,"column":4},"end":{"line":124,"column":5}}]},"10":{"loc":{"start":{"line":125,"column":4},"end":{"line":127,"column":5}},"type":"if","locations":[{"start":{"line":125,"column":4},"end":{"line":127,"column":5}}]},"11":{"loc":{"start":{"line":128,"column":4},"end":{"line":130,"column":5}},"type":"if","locations":[{"start":{"line":128,"column":4},"end":{"line":130,"column":5}}]},"12":{"loc":{"start":{"line":131,"column":4},"end":{"line":133,"column":5}},"type":"if","locations":[{"start":{"line":131,"column":4},"end":{"line":133,"column":5}}]},"13":{"loc":{"start":{"line":134,"column":4},"end":{"line":136,"column":5}},"type":"if","locations":[{"start":{"line":134,"column":4},"end":{"line":136,"column":5}}]},"14":{"loc":{"start":{"line":186,"column":6},"end":{"line":188,"column":7}},"type":"if","locations":[{"start":{"line":186,"column":6},"end":{"line":188,"column":7}}]},"15":{"loc":{"start":{"line":193,"column":8},"end":{"line":195,"column":9}},"type":"if","locations":[{"start":{"line":193,"column":8},"end":{"line":195,"column":9}}]}},"s":{"0":1,"1":1,"2":7,"3":1,"4":6,"5":1,"6":5,"7":1,"8":4,"9":1,"10":3,"11":1,"12":1,"13":7,"14":1,"15":6,"16":1,"17":5,"18":1,"19":4,"20":1,"21":3,"22":1,"23":1,"24":5,"25":3,"26":2,"27":1,"28":1,"29":7,"30":1,"31":6,"32":1,"33":5,"34":1,"35":4,"36":1,"37":3,"38":1,"39":2,"40":1,"41":1,"42":6,"43":6,"44":1,"45":4,"46":1,"47":3,"48":3,"49":3,"50":1,"51":2,"52":0,"53":1,"54":1,"55":6},"f":{"0":7,"1":7,"2":5,"3":7,"4":6,"5":4,"6":6},"b":{"0":[1],"1":[1],"2":[1],"3":[1],"4":[1],"5":[1],"6":[1],"7":[1],"8":[3],"9":[1],"10":[1],"11":[1],"12":[1],"13":[1],"14":[1],"15":[1]}}
,"C:\\Users\\patryk\\Desktop\\passwords\\f\\src\\pages\\GenPasswordPage.tsx": {"path":"C:\\Users\\patryk\\Desktop\\passwords\\f\\src\\pages\\GenPasswordPage.tsx","statementMap":{"0":{"start":{"line":28,"column":0},"end":{"line":28,"column":24}},"1":{"start":{"line":1,"column":0},"end":{"line":1,"column":48}},"2":{"start":{"line":2,"column":0},"end":{"line":2,"column":80}},"3":{"start":{"line":3,"column":0},"end":{"line":3,"column":46}},"4":{"start":{"line":4,"column":0},"end":{"line":4,"column":48}},"5":{"start":{"line":5,"column":0},"end":{"line":5,"column":48}},"6":{"start":{"line":6,"column":0},"end":{"line":6,"column":57}},"7":{"start":{"line":7,"column":0},"end":{"line":7,"column":50}},"8":{"start":{"line":8,"column":0},"end":{"line":8,"column":40}},"9":{"start":{"line":9,"column":0},"end":{"line":9,"column":33}},"10":{"start":{"line":10,"column":0},"end":{"line":10,"column":42}},"11":{"start":{"line":29,"column":34},"end":{"line":29,"column":54}},"12":{"start":{"line":30,"column":30},"end":{"line":30,"column":42}},"13":{"start":{"line":31,"column":46},"end":{"line":31,"column":60}},"14":{"start":{"line":32,"column":46},"end":{"line":32,"column":60}},"15":{"start":{"line":34,"column":27},"end":{"line":45,"column":3}},"16":{"start":{"line":35,"column":24},"end":{"line":43,"column":6}},"17":{"start":{"line":44,"column":4},"end":{"line":44,"column":29}},"18":{"start":{"line":47,"column":26},"end":{"line":61,"column":3}},"19":{"start":{"line":48,"column":4},"end":{"line":60,"column":5}},"20":{"start":{"line":49,"column":6},"end":{"line":49,"column":52}},"21":{"start":{"line":50,"column":6},"end":{"line":53,"column":9}},"22":{"start":{"line":55,"column":6},"end":{"line":55,"column":47}},"23":{"start":{"line":56,"column":6},"end":{"line":59,"column":9}},"24":{"start":{"line":63,"column":2},"end":{"line":113,"column":4}},"25":{"start":{"line":87,"column":46},"end":{"line":87,"column":65}}},"fnMap":{"0":{"name":"GenPasswordPage","decl":{"start":{"line":28,"column":24},"end":{"line":28,"column":39}},"loc":{"start":{"line":28,"column":39},"end":{"line":114,"column":1}}},"1":{"name":"(anonymous_2)","decl":{"start":{"line":34,"column":27},"end":{"line":34,"column":30}},"loc":{"start":{"line":34,"column":32},"end":{"line":45,"column":3}}},"2":{"name":"(anonymous_3)","decl":{"start":{"line":47,"column":26},"end":{"line":47,"column":31}},"loc":{"start":{"line":47,"column":37},"end":{"line":61,"column":3}}},"3":{"name":"(anonymous_4)","decl":{"start":{"line":87,"column":35},"end":{"line":87,"column":36}},"loc":{"start":{"line":87,"column":46},"end":{"line":87,"column":65}}}},"branchMap":{},"s":{"0":1,"1":1,"2":1,"3":1,"4":1,"5":1,"6":1,"7":1,"8":1,"9":1,"10":1,"11":14,"12":14,"13":14,"14":14,"15":14,"16":5,"17":5,"18":14,"19":2,"20":2,"21":1,"22":1,"23":1,"24":14,"25":0},"f":{"0":14,"1":5,"2":2,"3":0},"b":{}}
,"C:\\Users\\patryk\\Desktop\\passwords\\f\\src\\pages\\NotFoundPage.tsx": {"path":"C:\\Users\\patryk\\Desktop\\passwords\\f\\src\\pages\\NotFoundPage.tsx","statementMap":{"0":{"start":{"line":23,"column":0},"end":{"line":23,"column":24}},"1":{"start":{"line":1,"column":0},"end":{"line":1,"column":48}},"2":{"start":{"line":2,"column":0},"end":{"line":2,"column":37}},"3":{"start":{"line":3,"column":0},"end":{"line":3,"column":47}},"4":{"start":{"line":24,"column":21},"end":{"line":24,"column":34}},"5":{"start":{"line":26,"column":2},"end":{"line":39,"column":4}},"6":{"start":{"line":34,"column":49},"end":{"line":34,"column":62}}},"fnMap":{"0":{"name":"NotFoundPage","decl":{"start":{"line":23,"column":24},"end":{"line":23,"column":36}},"loc":{"start":{"line":23,"column":36},"end":{"line":40,"column":1}}},"1":{"name":"(anonymous_1)","decl":{"start":{"line":34,"column":43},"end":{"line":34,"column":46}},"loc":{"start":{"line":34,"column":49},"end":{"line":34,"column":62}}}},"branchMap":{},"s":{"0":1,"1":1,"2":1,"3":1,"4":4,"5":4,"6":2},"f":{"0":4,"1":2},"b":{}}
,"C:\\Users\\patryk\\Desktop\\passwords\\f\\src\\pages\\PageTemplate.tsx": {"path":"C:\\Users\\patryk\\Desktop\\passwords\\f\\src\\pages\\PageTemplate.tsx","statementMap":{"0":{"start":{"line":67,"column":0},"end":{"line":67,"column":24}},"1":{"start":{"line":1,"column":0},"end":{"line":1,"column":54}},"2":{"start":{"line":2,"column":0},"end":{"line":2,"column":null}},"3":{"start":{"line":8,"column":0},"end":{"line":8,"column":54}},"4":{"start":{"line":9,"column":0},"end":{"line":9,"column":null}},"5":{"start":{"line":68,"column":2},"end":{"line":89,"column":4}}},"fnMap":{"0":{"name":"PageTemplate","decl":{"start":{"line":67,"column":24},"end":{"line":67,"column":36}},"loc":{"start":{"line":67,"column":90},"end":{"line":90,"column":1}}}},"branchMap":{"0":{"loc":{"start":{"line":84,"column":11},"end":{"line":84,"column":79}},"type":"binary-expr","locations":[{"start":{"line":84,"column":11},"end":{"line":84,"column":24}},{"start":{"line":84,"column":28},"end":{"line":84,"column":79}}]}},"s":{"0":1,"1":1,"2":1,"3":1,"4":1,"5":7},"f":{"0":7},"b":{"0":[7,1]}}
}
