TN:
SF:src\components\ActivityList.tsx
FN:39,ActivityList
FN:50,(anonymous_1)
FNF:2
FNH:2
FNDA:3,ActivityList
FNDA:2,(anonymous_1)
DA:1,1
DA:2,1
DA:39,1
DA:41,3
DA:42,1
DA:45,2
DA:51,2
LF:7
LH:7
BRDA:41,0,0,1
BRDA:47,1,0,1
BRDA:47,1,1,1
BRF:3
BRH:3
end_of_record
TN:
SF:src\components\AddPasswordDialog.tsx
FN:63,(anonymous_9)
FN:147,AddPasswordDialog
FN:154,(anonymous_11)
FN:178,(anonymous_12)
FN:190,(anonymous_13)
FN:202,(anonymous_14)
FN:213,(anonymous_15)
FN:217,(anonymous_16)
FNF:8
FNH:8
FNDA:5,(anonymous_9)
FNDA:30,AddPasswordDialog
FNDA:11,(anonymous_11)
FNDA:4,(anonymous_12)
FNDA:3,(anonymous_13)
FNDA:2,(anonymous_14)
FNDA:1,(anonymous_15)
FNDA:5,(anonymous_16)
DA:1,2
DA:2,2
DA:3,2
DA:11,2
DA:12,2
DA:13,2
DA:63,2
DA:74,5
DA:76,5
DA:77,1
DA:78,1
DA:79,1
DA:81,4
DA:82,1
DA:83,1
DA:84,1
DA:86,3
DA:87,1
DA:88,1
DA:89,1
DA:92,2
DA:93,2
DA:94,1
DA:95,1
DA:96,1
DA:97,1
DA:98,1
DA:100,1
DA:101,1
DA:102,1
DA:147,2
DA:148,30
DA:149,30
DA:150,30
DA:151,30
DA:154,30
DA:155,11
DA:156,8
DA:157,8
DA:158,8
DA:159,8
DA:163,30
DA:178,4
DA:190,3
DA:202,2
DA:213,1
DA:218,5
LF:47
LH:47
BRDA:76,0,0,1
BRDA:81,1,0,1
BRDA:86,2,0,1
BRDA:155,3,0,8
BRDA:209,4,0,30
BRDA:209,4,1,6
BRF:6
BRH:6
end_of_record
TN:
SF:src\components\Chart.tsx
FN:58,Chart
FN:87,(anonymous_1)
FNF:2
FNH:1
FNDA:5,Chart
FNDA:0,(anonymous_1)
DA:1,1
DA:2,1
DA:18,1
DA:58,1
DA:60,5
DA:61,1
DA:68,4
DA:69,1
DA:72,3
DA:87,0
LF:10
LH:9
BRDA:60,0,0,1
BRDA:68,1,0,1
BRF:2
BRH:2
end_of_record
TN:
SF:src\components\DashboardCards.tsx
FN:48,DashboardCards
FN:55,(anonymous_1)
FNF:2
FNH:2
FNDA:7,DashboardCards
FNDA:1,(anonymous_1)
DA:1,1
DA:2,1
DA:3,1
DA:4,1
DA:6,1
DA:48,1
DA:49,7
DA:50,7
DA:51,7
DA:55,1
LF:10
LH:10
BRF:0
BRH:0
end_of_record
TN:
SF:src\components\DataTable.tsx
FN:95,(anonymous_0)
FN:105,(anonymous_1)
FN:169,(anonymous_2)
FN:172,(anonymous_3)
FN:178,(anonymous_4)
FN:182,(anonymous_5)
FN:183,(anonymous_6)
FN:187,(anonymous_7)
FN:196,(anonymous_8)
FN:221,(anonymous_9)
FN:227,(anonymous_10)
FN:247,(anonymous_11)
FN:258,(anonymous_12)
FN:261,(anonymous_13)
FN:265,(anonymous_14)
FN:333,DataTable
FN:350,(anonymous_16)
FN:354,(anonymous_17)
FN:366,(anonymous_18)
FN:373,(anonymous_19)
FN:413,(anonymous_20)
FN:425,(anonymous_21)
FN:436,(anonymous_22)
FN:438,(anonymous_23)
FN:453,(anonymous_24)
FN:458,(anonymous_25)
FN:480,(anonymous_26)
FN:489,(anonymous_27)
FNF:28
FNH:20
FNDA:19,(anonymous_0)
FNDA:36,(anonymous_1)
FNDA:14,(anonymous_2)
FNDA:1,(anonymous_3)
FNDA:36,(anonymous_4)
FNDA:14,(anonymous_5)
FNDA:36,(anonymous_6)
FNDA:0,(anonymous_7)
FNDA:1,(anonymous_8)
FNDA:36,(anonymous_9)
FNDA:0,(anonymous_10)
FNDA:0,(anonymous_11)
FNDA:0,(anonymous_12)
FNDA:0,(anonymous_13)
FNDA:0,(anonymous_14)
FNDA:19,DataTable
FNDA:10,(anonymous_16)
FNDA:31,(anonymous_17)
FNDA:0,(anonymous_18)
FNDA:2,(anonymous_19)
FNDA:1,(anonymous_20)
FNDA:1,(anonymous_21)
FNDA:18,(anonymous_22)
FNDA:72,(anonymous_23)
FNDA:46,(anonymous_24)
FNDA:184,(anonymous_25)
FNDA:0,(anonymous_26)
FNDA:1,(anonymous_27)
DA:1,1
DA:2,1
DA:3,1
DA:15,1
DA:16,1
DA:17,1
DA:18,1
DA:26,1
DA:27,1
DA:35,1
DA:36,1
DA:38,1
DA:39,1
DA:40,1
DA:41,1
DA:42,1
DA:43,1
DA:95,1
DA:101,19
DA:106,36
DA:107,36
DA:108,36
DA:110,36
DA:170,14
DA:172,1
DA:178,36
DA:182,14
DA:184,36
DA:185,36
DA:186,36
DA:187,36
DA:188,0
DA:190,36
DA:197,1
DA:222,36
DA:223,36
DA:224,36
DA:225,36
DA:226,36
DA:227,36
DA:228,0
DA:230,36
DA:248,0
DA:258,0
DA:261,0
DA:265,0
DA:333,1
DA:343,19
DA:344,19
DA:345,19
DA:346,19
DA:347,19
DA:348,19
DA:350,19
DA:351,10
DA:353,9
DA:354,31
DA:357,9
DA:358,8
DA:359,8
DA:362,1
DA:363,1
DA:364,1
DA:366,1
DA:367,0
DA:368,0
DA:369,0
DA:373,1
DA:374,2
DA:375,2
DA:376,2
DA:377,2
DA:381,19
DA:403,19
DA:404,1
DA:407,18
DA:414,1
DA:425,1
DA:437,18
DA:439,72
DA:454,46
DA:459,184
DA:480,0
DA:489,1
LF:84
LH:74
BRDA:119,0,0,4
BRDA:119,0,1,32
BRDA:124,1,0,2
BRDA:124,1,1,2
BRDA:138,2,0,2
BRDA:138,2,1,2
BRDA:351,3,0,1
BRDA:357,4,0,8
BRDA:368,5,0,0
BRDA:403,6,0,1
BRDA:412,7,0,18
BRDA:412,7,1,16
BRDA:440,8,0,0
BRDA:440,8,1,72
BRDA:452,9,0,17
BRDA:452,9,1,1
BRDA:456,10,0,46
BRDA:456,10,1,0
BRF:18
BRH:15
end_of_record
TN:
SF:src\components\DeleteAccountDialog.tsx
FN:50,(anonymous_9)
FN:112,DeleteAccountDialog
FN:131,(anonymous_11)
FN:136,(anonymous_12)
FNF:4
FNH:4
FNDA:4,(anonymous_9)
FNDA:16,DeleteAccountDialog
FNDA:1,(anonymous_11)
FNDA:4,(anonymous_12)
DA:1,1
DA:2,1
DA:3,1
DA:11,1
DA:50,1
DA:57,4
DA:58,4
DA:59,4
DA:60,3
DA:61,3
DA:63,1
DA:64,1
DA:69,4
DA:112,1
DA:119,16
DA:121,16
DA:131,1
DA:136,4
LF:18
LH:18
BRDA:139,0,0,4
BRDA:139,0,1,12
BRF:2
BRH:2
end_of_record
TN:
SF:src\components\ExportToJSON.tsx
FN:59,ExportToJSON
FN:64,(anonymous_1)
FN:131,(anonymous_2)
FNF:3
FNH:3
FNDA:25,ExportToJSON
FNDA:8,(anonymous_1)
FNDA:16,(anonymous_2)
DA:1,1
DA:2,1
DA:3,1
DA:4,1
DA:5,1
DA:6,1
DA:59,1
DA:60,25
DA:61,25
DA:62,25
DA:64,25
DA:65,8
DA:66,8
DA:67,8
DA:68,1
DA:70,7
DA:71,2
DA:72,2
DA:73,2
DA:75,2
DA:78,5
DA:79,5
DA:80,9
DA:81,9
DA:82,4
DA:83,4
DA:86,5
DA:87,5
DA:88,1
DA:89,1
DA:92,4
DA:93,3
DA:100,4
DA:101,4
DA:102,4
DA:103,4
DA:104,4
DA:105,4
DA:106,4
DA:107,4
DA:108,4
DA:109,4
DA:111,4
DA:115,4
DA:117,4
DA:118,4
DA:122,4
DA:123,4
DA:124,4
DA:127,8
DA:131,25
DA:132,16
DA:133,1
DA:137,25
LF:54
LH:54
BRDA:67,0,0,1
BRDA:67,1,0,8
BRDA:67,1,1,7
BRDA:70,2,0,2
BRDA:71,3,0,2
BRDA:81,4,0,4
BRDA:87,5,0,1
BRDA:87,6,0,5
BRDA:87,6,1,5
BRDA:119,7,0,4
BRDA:119,7,1,0
BRDA:122,8,0,4
BRDA:132,9,0,1
BRDA:132,10,0,16
BRDA:132,10,1,12
BRDA:132,10,2,9
BRDA:143,11,0,25
BRDA:143,11,1,20
BRDA:143,11,2,19
BRDA:146,12,0,5
BRDA:146,12,1,20
BRF:21
BRH:20
end_of_record
TN:
SF:src\components\ImportFromJSON.tsx
FN:28,(anonymous_9)
FN:55,(anonymous_10)
FN:102,ImportFromJSON
FN:123,(anonymous_12)
FNF:4
FNH:4
FNDA:9,(anonymous_9)
FNDA:7,(anonymous_10)
FNDA:19,ImportFromJSON
FNDA:7,(anonymous_12)
DA:1,1
DA:2,1
DA:3,1
DA:5,1
DA:28,1
DA:36,9
DA:37,9
DA:39,8
DA:40,8
DA:41,8
DA:42,8
DA:44,6
DA:45,1
DA:48,5
DA:49,9
DA:50,2
DA:51,2
DA:54,7
DA:55,7
DA:58,7
DA:59,3
DA:61,4
DA:64,5
DA:65,5
DA:70,3
DA:71,3
DA:76,8
DA:77,8
DA:102,1
DA:103,19
DA:105,19
DA:123,7
LF:32
LH:32
BRDA:37,0,0,1
BRDA:44,1,0,1
BRDA:49,2,0,2
BRDA:49,3,0,9
BRDA:49,3,1,8
BRDA:49,3,2,7
BRDA:55,4,0,7
BRDA:55,4,1,3
BRDA:58,5,0,3
BRDA:58,5,1,4
BRDA:64,6,0,0
BRDA:110,7,0,19
BRDA:110,7,1,13
BRDA:115,8,0,6
BRDA:115,8,1,13
BRDA:124,9,0,19
BRDA:124,9,1,13
BRF:17
BRH:16
end_of_record
TN:
SF:src\components\RecentlyAdded.tsx
FN:59,RecentlyAdded
FN:64,(anonymous_1)
FN:66,(anonymous_2)
FN:78,(anonymous_3)
FN:85,(anonymous_4)
FN:95,(anonymous_5)
FN:97,(anonymous_6)
FN:100,(anonymous_7)
FN:111,(anonymous_8)
FN:120,(anonymous_9)
FNF:10
FNH:8
FNDA:5,RecentlyAdded
FNDA:3,(anonymous_1)
FNDA:4,(anonymous_2)
FNDA:0,(anonymous_3)
FNDA:0,(anonymous_4)
FNDA:8,(anonymous_5)
FNDA:12,(anonymous_6)
FNDA:4,(anonymous_7)
FNDA:1,(anonymous_8)
FNDA:8,(anonymous_9)
DA:1,1
DA:2,1
DA:3,1
DA:4,1
DA:5,1
DA:7,1
DA:8,1
DA:9,1
DA:59,1
DA:60,5
DA:61,5
DA:64,5
DA:65,3
DA:66,4
DA:69,3
DA:70,3
DA:71,3
DA:74,0
DA:75,0
DA:76,0
DA:78,0
DA:79,0
DA:80,0
DA:81,0
DA:85,0
DA:86,0
DA:87,0
DA:88,0
DA:89,0
DA:94,5
DA:96,8
DA:97,12
DA:100,4
DA:103,5
DA:111,1
DA:121,8
DA:122,8
DA:124,8
LF:38
LH:26
BRDA:69,0,0,3
BRDA:80,1,0,0
BRDA:97,2,0,12
BRDA:97,2,1,8
BRDA:119,3,0,4
BRDA:119,3,1,1
BRDA:138,4,0,0
BRDA:138,4,1,8
BRDA:143,5,0,0
BRDA:143,5,1,0
BRDA:152,6,0,0
BRDA:152,6,1,0
BRF:12
BRH:6
end_of_record
TN:
SF:src\components\RecoverMasterkeyDialog.tsx
FN:65,RecoverMasterkeyDialog
FN:74,(anonymous_10)
FN:125,(anonymous_11)
FN:138,(anonymous_12)
FN:148,(anonymous_13)
FNF:5
FNH:5
FNDA:19,RecoverMasterkeyDialog
FNDA:4,(anonymous_10)
FNDA:3,(anonymous_11)
FNDA:3,(anonymous_12)
FNDA:1,(anonymous_13)
DA:1,1
DA:2,1
DA:3,1
DA:11,1
DA:12,1
DA:13,1
DA:65,1
DA:70,19
DA:71,19
DA:72,19
DA:74,19
DA:75,4
DA:77,4
DA:78,1
DA:79,1
DA:81,3
DA:82,1
DA:83,1
DA:86,2
DA:87,2
DA:89,1
DA:94,1
DA:95,1
DA:96,1
DA:98,1
DA:99,1
DA:100,1
DA:107,19
DA:125,3
DA:138,3
DA:148,1
LF:31
LH:31
BRDA:77,0,0,1
BRDA:77,1,0,4
BRDA:77,1,1,3
BRDA:81,2,0,1
BRDA:144,3,0,19
BRDA:144,3,1,4
BRF:6
BRH:6
end_of_record
TN:
SF:src\components\RegisterForm.tsx
FN:127,RegisterForm
FN:145,(anonymous_10)
FN:222,(anonymous_11)
FN:241,(anonymous_12)
FN:260,(anonymous_13)
FN:278,(anonymous_14)
FN:295,(anonymous_15)
FNF:7
FNH:7
FNDA:396,RegisterForm
FNDA:9,(anonymous_10)
FNDA:29,(anonymous_11)
FNDA:72,(anonymous_12)
FNDA:162,(anonymous_13)
FNDA:103,(anonymous_14)
FNDA:4,(anonymous_15)
DA:1,1
DA:2,1
DA:3,1
DA:4,1
DA:5,1
DA:6,1
DA:7,1
DA:8,1
DA:9,1
DA:10,1
DA:127,1
DA:128,396
DA:129,396
DA:130,396
DA:131,396
DA:132,396
DA:133,396
DA:134,396
DA:142,396
DA:143,396
DA:145,396
DA:146,9
DA:147,9
DA:148,9
DA:151,9
DA:152,9
DA:153,9
DA:154,9
DA:155,9
DA:157,9
DA:158,5
DA:166,5
DA:167,5
DA:170,4
DA:171,4
DA:172,4
DA:173,4
DA:174,3
DA:179,3
DA:180,3
DA:181,3
DA:182,3
DA:183,3
DA:184,3
DA:186,1
DA:187,1
DA:191,1
DA:192,1
DA:197,4
DA:201,396
DA:222,29
DA:241,72
DA:260,162
DA:278,103
DA:295,4
LF:55
LH:55
BRDA:155,0,0,4
BRDA:155,0,1,5
BRDA:157,1,0,5
BRDA:157,2,0,9
BRDA:157,2,1,8
BRDA:157,2,2,7
BRDA:157,2,3,5
BRDA:157,2,4,4
BRDA:170,3,0,0
BRDA:226,4,0,1
BRDA:226,4,1,395
BRDA:228,5,0,396
BRDA:228,5,1,1
BRDA:245,6,0,1
BRDA:245,6,1,395
BRDA:247,7,0,396
BRDA:247,7,1,1
BRDA:264,8,0,2
BRDA:264,8,1,394
BRDA:266,9,0,396
BRDA:266,9,1,2
BRDA:282,10,0,1
BRDA:282,10,1,395
BRDA:284,11,0,396
BRDA:284,11,1,1
BRDA:298,12,0,5
BRDA:298,12,1,391
BRDA:314,13,0,396
BRDA:314,13,1,5
BRDA:321,14,0,396
BRDA:321,14,1,1
BRDA:326,15,0,4
BRDA:326,15,1,392
BRF:33
BRH:32
end_of_record
TN:
SF:src\components\ResetPasswordDialog.tsx
FN:144,ResetPasswordDialog
FN:154,(anonymous_1)
FN:187,(anonymous_2)
FN:215,(anonymous_3)
FNF:4
FNH:4
FNDA:453,ResetPasswordDialog
FNDA:5,(anonymous_1)
FNDA:2,(anonymous_2)
FNDA:93,(anonymous_3)
DA:1,2
DA:2,2
DA:10,2
DA:11,2
DA:12,2
DA:13,2
DA:14,2
DA:144,2
DA:145,453
DA:146,453
DA:147,453
DA:148,453
DA:154,453
DA:155,5
DA:156,5
DA:157,1
DA:158,1
DA:161,4
DA:162,4
DA:164,4
DA:165,4
DA:166,4
DA:167,4
DA:169,4
DA:170,3
DA:171,3
DA:176,1
DA:177,1
DA:182,4
DA:187,453
DA:188,2
DA:189,2
DA:190,2
DA:191,2
DA:194,453
DA:215,93
LF:36
LH:36
BRDA:156,0,0,1
BRDA:165,1,0,0
BRDA:200,2,0,3
BRDA:200,2,1,450
BRDA:205,3,0,450
BRDA:205,3,1,3
BRDA:221,4,0,450
BRDA:221,4,1,1
BRDA:227,5,0,450
BRDA:227,5,1,3
BRDA:233,6,0,4
BRDA:233,6,1,446
BRF:12
BRH:11
end_of_record
TN:
SF:src\components\ShowPasswordDialog.tsx
FN:88,ShowPasswordDialog
FN:104,(anonymous_11)
FN:141,(anonymous_12)
FN:148,(anonymous_13)
FN:185,(anonymous_14)
FNF:5
FNH:5
FNDA:23,ShowPasswordDialog
FNDA:12,(anonymous_11)
FNDA:12,(anonymous_12)
FNDA:18,(anonymous_13)
FNDA:1,(anonymous_14)
DA:1,1
DA:2,1
DA:3,1
DA:11,1
DA:12,1
DA:13,1
DA:14,1
DA:88,1
DA:98,23
DA:99,23
DA:100,23
DA:101,23
DA:104,23
DA:105,12
DA:107,11
DA:108,11
DA:109,11
DA:110,11
DA:112,11
DA:113,11
DA:115,10
DA:116,10
DA:118,9
DA:119,2
DA:120,2
DA:121,2
DA:123,2
DA:126,7
DA:127,6
DA:128,6
DA:129,6
DA:131,3
DA:132,3
DA:133,3
DA:134,3
DA:135,3
DA:136,3
DA:141,23
DA:142,12
DA:143,11
DA:148,23
DA:149,18
DA:150,1
DA:154,23
DA:185,1
LF:45
LH:45
BRDA:105,0,0,1
BRDA:105,1,0,12
BRDA:105,1,1,11
BRDA:113,2,0,1
BRDA:116,3,0,1
BRDA:116,4,0,10
BRDA:116,4,1,10
BRDA:118,5,0,2
BRDA:119,6,0,2
BRDA:134,7,0,3
BRDA:142,8,0,11
BRDA:149,9,0,1
BRDA:149,10,0,18
BRDA:149,10,1,13
BRDA:149,10,2,10
BRDA:169,11,0,23
BRDA:169,11,1,15
BRF:17
BRH:17
end_of_record
TN:
SF:src\components\UpdateMasterkeyDialog.tsx
FN:85,UpdateMasterkeyDialog
FN:96,(anonymous_10)
FN:139,(anonymous_11)
FN:149,(anonymous_12)
FN:159,(anonymous_13)
FN:168,(anonymous_14)
FNF:6
FNH:6
FNDA:22,UpdateMasterkeyDialog
FNDA:4,(anonymous_10)
FNDA:3,(anonymous_11)
FNDA:3,(anonymous_12)
FNDA:3,(anonymous_13)
FNDA:1,(anonymous_14)
DA:1,1
DA:2,1
DA:3,1
DA:11,1
DA:12,1
DA:14,1
DA:85,1
DA:90,22
DA:91,22
DA:92,22
DA:93,22
DA:96,22
DA:97,4
DA:99,4
DA:100,1
DA:101,1
DA:103,3
DA:104,1
DA:105,1
DA:108,2
DA:109,2
DA:110,1
DA:111,1
DA:112,1
DA:113,1
DA:114,1
DA:116,1
DA:117,1
DA:118,1
DA:125,22
DA:139,3
DA:149,3
DA:159,3
DA:168,1
LF:34
LH:34
BRDA:99,0,0,1
BRDA:99,1,0,4
BRDA:99,1,1,3
BRDA:99,1,2,3
BRDA:103,2,0,1
BRDA:119,3,0,1
BRDA:119,3,1,0
BRDA:164,4,0,22
BRDA:164,4,1,4
BRF:9
BRH:8
end_of_record
TN:
SF:src\components\UpdatePasswordDialog.tsx
FN:69,UpdatePasswordDialog
FN:80,(anonymous_11)
FN:89,(anonymous_12)
FN:117,(anonymous_13)
FNF:4
FNH:4
FNDA:18,UpdatePasswordDialog
FNDA:12,(anonymous_11)
FNDA:2,(anonymous_12)
FNDA:6,(anonymous_13)
DA:1,1
DA:2,1
DA:3,1
DA:11,1
DA:12,1
DA:13,1
DA:69,1
DA:76,18
DA:77,18
DA:80,18
DA:81,12
DA:82,5
DA:83,5
DA:85,7
DA:89,18
DA:90,2
DA:91,2
DA:92,1
DA:93,1
DA:98,18
DA:117,6
LF:21
LH:21
BRDA:81,0,0,5
BRDA:81,0,1,7
BRF:2
BRH:2
end_of_record
TN:
SF:src\components\UserProfile.tsx
FN:49,UserProfile
FN:58,(anonymous_10)
FN:65,(anonymous_11)
FN:101,(anonymous_12)
FN:158,(anonymous_13)
FN:174,(anonymous_14)
FN:192,(anonymous_15)
FN:208,(anonymous_16)
FN:224,(anonymous_17)
FNF:9
FNH:9
FNDA:34,UserProfile
FNDA:9,(anonymous_10)
FNDA:4,(anonymous_11)
FNDA:4,(anonymous_12)
FNDA:3,(anonymous_13)
FNDA:1,(anonymous_14)
FNDA:2,(anonymous_15)
FNDA:1,(anonymous_16)
FNDA:6,(anonymous_17)
DA:1,1
DA:2,1
DA:3,1
DA:4,1
DA:6,1
DA:7,1
DA:49,1
DA:50,34
DA:51,34
DA:52,34
DA:53,34
DA:54,34
DA:55,34
DA:56,34
DA:58,34
DA:59,9
DA:60,8
DA:61,8
DA:65,34
DA:66,4
DA:69,4
DA:70,0
DA:71,4
DA:72,0
DA:73,4
DA:74,1
DA:77,4
DA:78,0
DA:79,4
DA:80,0
DA:81,4
DA:82,0
DA:85,4
DA:86,2
DA:87,1
DA:88,1
DA:89,0
DA:90,1
DA:91,0
DA:92,1
DA:93,0
DA:97,4
DA:98,4
DA:101,34
DA:102,4
DA:104,4
DA:105,2
DA:106,2
DA:109,2
DA:110,2
DA:111,2
DA:118,1
DA:119,1
DA:120,1
DA:125,1
DA:127,2
DA:128,2
DA:132,34
DA:133,1
DA:136,33
DA:137,1
DA:140,32
DA:158,3
DA:174,1
DA:192,2
DA:209,1
DA:210,1
DA:211,1
DA:212,1
DA:213,1
DA:224,6
LF:71
LH:63
BRDA:51,0,0,34
BRDA:51,0,1,1
BRDA:52,1,0,34
BRDA:52,1,1,1
BRDA:59,2,0,8
BRDA:69,3,0,0
BRDA:69,3,1,4
BRDA:71,4,0,0
BRDA:71,4,1,4
BRDA:73,5,0,1
BRDA:77,6,0,0
BRDA:77,6,1,4
BRDA:79,7,0,0
BRDA:79,7,1,4
BRDA:81,8,0,0
BRDA:85,9,0,2
BRDA:86,10,0,1
BRDA:86,10,1,1
BRDA:88,11,0,0
BRDA:88,11,1,1
BRDA:90,12,0,0
BRDA:90,12,1,1
BRDA:92,13,0,0
BRDA:102,14,0,0
BRDA:104,15,0,2
BRDA:113,16,0,1
BRDA:113,16,1,1
BRDA:114,17,0,1
BRDA:114,17,1,1
BRDA:116,18,0,2
BRDA:116,18,1,1
BRDA:132,19,0,1
BRDA:136,20,0,1
BRDA:159,21,0,1
BRDA:159,21,1,31
BRDA:160,22,0,32
BRDA:160,22,1,23
BRDA:162,23,0,32
BRDA:162,23,1,1
BRDA:175,24,0,0
BRDA:175,24,1,32
BRDA:176,25,0,32
BRDA:176,25,1,23
BRDA:178,26,0,32
BRDA:178,26,1,0
BRDA:182,27,0,32
BRDA:182,27,1,23
BRDA:193,28,0,1
BRDA:193,28,1,22
BRDA:197,29,0,23
BRDA:197,29,1,1
BRDA:203,30,0,23
BRDA:203,30,1,9
BRDA:220,31,0,2
BRDA:220,31,1,21
BRF:55
BRH:44
end_of_record
TN:
SF:src\components\app-sidebar.tsx
FN:41,AppSidebar
FNF:1
FNH:1
FNDA:2,AppSidebar
DA:1,1
DA:2,1
DA:9,1
DA:10,1
DA:11,1
DA:17,1
DA:41,1
DA:42,2
DA:44,2
DA:78,2
LF:10
LH:10
BRDA:47,0,0,1
BRDA:47,0,1,1
BRF:2
BRH:2
end_of_record
TN:
SF:src\components\login-form.tsx
FN:166,LoginForm
FN:183,(anonymous_10)
FN:286,(anonymous_11)
FN:297,(anonymous_12)
FN:309,(anonymous_13)
FN:320,(anonymous_14)
FN:331,(anonymous_15)
FN:352,(anonymous_16)
FNF:8
FNH:7
FNDA:340,LoginForm
FNDA:9,(anonymous_10)
FNDA:144,(anonymous_11)
FNDA:1,(anonymous_12)
FNDA:73,(anonymous_13)
FNDA:49,(anonymous_14)
FNDA:49,(anonymous_15)
FNDA:0,(anonymous_16)
DA:1,1
DA:2,1
DA:3,1
DA:4,1
DA:5,1
DA:6,1
DA:7,1
DA:8,1
DA:9,1
DA:10,1
DA:11,1
DA:12,1
DA:166,1
DA:172,340
DA:173,340
DA:174,340
DA:175,340
DA:176,340
DA:177,340
DA:178,340
DA:179,340
DA:180,340
DA:183,340
DA:184,9
DA:185,9
DA:186,9
DA:187,9
DA:188,1
DA:189,1
DA:190,1
DA:194,1
DA:196,8
DA:197,8
DA:198,1
DA:199,1
DA:200,1
DA:204,1
DA:208,7
DA:209,2
DA:210,2
DA:215,2
DA:216,2
DA:220,2
DA:223,5
DA:224,1
DA:225,1
DA:226,1
DA:227,1
DA:231,1
DA:234,4
DA:236,4
DA:237,4
DA:238,4
DA:239,4
DA:240,4
DA:241,4
DA:242,4
DA:243,2
DA:244,2
DA:246,2
DA:247,2
DA:248,2
DA:250,2
DA:251,2
DA:252,2
DA:253,2
DA:254,2
DA:255,2
DA:260,4
DA:264,340
DA:286,144
DA:298,1
DA:299,1
DA:309,73
DA:320,49
DA:331,49
DA:352,0
LF:77
LH:76
BRDA:187,0,0,1
BRDA:197,1,0,1
BRDA:208,2,0,2
BRDA:223,3,0,1
BRDA:239,4,0,0
BRDA:335,5,0,340
BRDA:335,5,1,25
BRDA:340,6,0,4
BRDA:340,6,1,336
BRF:9
BRH:8
end_of_record
TN:
SF:src\components\nav-main.tsx
FN:33,NavMain
FN:46,(anonymous_1)
FNF:2
FNH:2
FNDA:6,NavMain
FNDA:10,(anonymous_1)
DA:1,1
DA:3,1
DA:4,1
DA:33,1
DA:42,6
DA:44,6
DA:47,10
DA:49,10
LF:8
LH:8
BRF:0
BRH:0
end_of_record
TN:
SF:src\components\nav-secondary.tsx
FN:37,NavSecondary
FN:52,(anonymous_2)
FNF:2
FNH:2
FNDA:6,NavSecondary
FNDA:10,(anonymous_2)
DA:1,1
DA:4,1
DA:12,1
DA:37,1
DA:48,6
DA:53,10
LF:6
LH:6
BRDA:60,0,0,10
BRDA:60,0,1,5
BRF:2
BRH:2
end_of_record
TN:
SF:src\components\team-switcher.tsx
FN:53,TeamSwitcher
FN:88,(anonymous_10)
FN:91,(anonymous_11)
FN:102,(anonymous_12)
FNF:4
FNH:3
FNDA:5,TeamSwitcher
FNDA:8,(anonymous_10)
FNDA:0,(anonymous_11)
FNDA:1,(anonymous_12)
DA:1,1
DA:2,1
DA:3,1
DA:11,1
DA:53,1
DA:62,5
DA:63,5
DA:64,1
DA:66,4
DA:89,8
DA:91,0
DA:102,1
LF:12
LH:11
BRDA:63,0,0,1
BRF:1
BRH:1
end_of_record
TN:
SF:src\components\ui\button.tsx
FN:37,Button
FNF:1
FNH:1
FNDA:1276,Button
DA:1,10
DA:2,10
DA:3,10
DA:5,10
DA:7,10
DA:47,1276
DA:49,1276
DA:58,10
LF:8
LH:8
BRDA:41,0,0,1276
BRDA:47,1,0,0
BRDA:47,1,1,1276
BRF:3
BRH:2
end_of_record
TN:
SF:src\components\ui\checkbox.tsx
FN:7,Checkbox
FNF:1
FNH:1
FNDA:396,Checkbox
DA:1,1
DA:2,1
DA:3,1
DA:5,1
DA:11,396
DA:30,1
LF:6
LH:6
BRF:0
BRH:0
end_of_record
TN:
SF:src\components\ui\dialog.tsx
FN:7,Dialog
FN:13,DialogTrigger
FN:19,DialogPortal
FN:25,DialogClose
FN:31,DialogOverlay
FN:47,DialogContent
FN:73,DialogHeader
FN:83,DialogFooter
FN:96,DialogTitle
FN:109,DialogDescription
FNF:10
FNH:8
FNDA:514,Dialog
FNDA:0,DialogTrigger
FNDA:514,DialogPortal
FNDA:0,DialogClose
FNDA:198,DialogOverlay
FNDA:514,DialogContent
FNDA:169,DialogHeader
FNDA:169,DialogFooter
FNDA:169,DialogTitle
FNDA:169,DialogDescription
DA:1,6
DA:2,6
DA:3,6
DA:5,6
DA:10,514
DA:16,0
DA:22,514
DA:28,0
DA:35,198
DA:52,514
DA:74,169
DA:84,169
DA:100,169
DA:113,169
DA:123,6
DA:124,6
DA:125,6
DA:126,6
DA:127,6
DA:128,6
DA:129,6
DA:130,6
DA:131,6
DA:132,6
LF:24
LH:22
BRF:0
BRH:0
end_of_record
TN:
SF:src\components\ui\input.tsx
FN:5,Input
FNF:1
FNH:1
FNDA:3315,Input
DA:1,9
DA:3,9
DA:6,3315
DA:21,9
LF:4
LH:4
BRF:0
BRH:0
end_of_record
TN:
SF:src\components\ui\label.tsx
FN:6,Label
FNF:1
FNH:1
FNDA:3697,Label
DA:1,8
DA:2,8
DA:4,8
DA:10,3697
DA:22,8
LF:5
LH:5
BRF:0
BRH:0
end_of_record
TN:
SF:src\components\ui\progress.tsx
FN:6,Progress
FNF:1
FNH:1
FNDA:6,Progress
DA:1,1
DA:2,1
DA:4,1
DA:11,6
DA:29,1
LF:5
LH:5
BRDA:23,0,0,6
BRDA:23,0,1,0
BRF:2
BRH:1
end_of_record
TN:
SF:src\components\ui\skeleton.tsx
FN:3,Skeleton
FNF:1
FNH:1
FNDA:4,Skeleton
DA:1,2
DA:4,4
DA:13,2
LF:3
LH:3
BRF:0
BRH:0
end_of_record
TN:
SF:src\components\ui\table.tsx
FN:5,Table
FN:20,TableHeader
FN:30,TableBody
FN:40,TableFooter
FN:53,TableRow
FN:66,TableHead
FN:79,TableCell
FN:92,TableCaption
FNF:8
FNH:6
FNDA:14,Table
FNDA:14,TableHeader
FNDA:14,TableBody
FNDA:0,TableFooter
FNDA:51,TableRow
FNDA:56,TableHead
FNDA:145,TableCell
FNDA:0,TableCaption
DA:1,1
DA:3,1
DA:6,14
DA:21,14
DA:31,14
DA:41,0
DA:54,51
DA:67,56
DA:80,145
DA:96,0
DA:106,1
DA:107,1
DA:108,1
DA:109,1
DA:110,1
DA:111,1
DA:112,1
DA:113,1
LF:18
LH:16
BRF:0
BRH:0
end_of_record
TN:
SF:src\data\PasswordContext.tsx
FN:104,(anonymous_10)
FN:126,(anonymous_11)
FN:134,(anonymous_12)
FN:138,(anonymous_13)
FN:146,(anonymous_14)
FN:151,(anonymous_15)
FN:159,(anonymous_16)
FN:199,(anonymous_17)
FN:230,(anonymous_18)
FN:261,(anonymous_19)
FN:283,(anonymous_20)
FN:305,(anonymous_21)
FN:322,(anonymous_22)
FN:331,(anonymous_23)
FN:348,(anonymous_24)
FN:361,(anonymous_25)
FN:379,(anonymous_26)
FN:393,(anonymous_27)
FN:413,(anonymous_28)
FN:461,(anonymous_29)
FN:463,(anonymous_30)
FN:485,(anonymous_31)
FN:486,(anonymous_32)
FN:554,(anonymous_33)
FN:555,(anonymous_34)
FN:611,(anonymous_35)
FN:651,(anonymous_36)
FN:706,(anonymous_37)
FN:731,(anonymous_38)
FN:765,(anonymous_39)
FN:782,(anonymous_40)
FN:804,(anonymous_41)
FN:831,(anonymous_42)
FN:855,(anonymous_43)
FN:882,(anonymous_44)
FN:913,(anonymous_45)
FN:965,(anonymous_46)
FN:998,(anonymous_47)
FN:1051,(anonymous_48)
FNF:39
FNH:19
FNDA:12,(anonymous_10)
FNDA:1,(anonymous_11)
FNDA:1,(anonymous_12)
FNDA:0,(anonymous_13)
FNDA:0,(anonymous_14)
FNDA:0,(anonymous_15)
FNDA:0,(anonymous_16)
FNDA:2,(anonymous_17)
FNDA:2,(anonymous_18)
FNDA:1,(anonymous_19)
FNDA:1,(anonymous_20)
FNDA:1,(anonymous_21)
FNDA:5,(anonymous_22)
FNDA:5,(anonymous_23)
FNDA:0,(anonymous_24)
FNDA:10,(anonymous_25)
FNDA:1,(anonymous_26)
FNDA:0,(anonymous_27)
FNDA:0,(anonymous_28)
FNDA:0,(anonymous_29)
FNDA:0,(anonymous_30)
FNDA:4,(anonymous_31)
FNDA:4,(anonymous_32)
FNDA:6,(anonymous_33)
FNDA:6,(anonymous_34)
FNDA:0,(anonymous_35)
FNDA:0,(anonymous_36)
FNDA:0,(anonymous_37)
FNDA:0,(anonymous_38)
FNDA:0,(anonymous_39)
FNDA:0,(anonymous_40)
FNDA:0,(anonymous_41)
FNDA:0,(anonymous_42)
FNDA:0,(anonymous_43)
FNDA:1,(anonymous_44)
FNDA:0,(anonymous_45)
FNDA:0,(anonymous_46)
FNDA:1,(anonymous_47)
FNDA:10,(anonymous_48)
DA:1,1
DA:3,1
DA:4,1
DA:5,1
DA:6,1
DA:104,1
DA:105,12
DA:107,1
DA:116,0
DA:118,0
DA:120,4
DA:122,1
DA:124,1
DA:127,1
DA:131,1
DA:134,1
DA:138,1
DA:139,1
DA:140,1
DA:141,1
DA:143,1
DA:145,0
DA:146,0
DA:148,0
DA:152,0
DA:157,0
DA:159,0
DA:162,0
DA:164,1
DA:166,1
DA:168,1
DA:169,1
DA:171,1
DA:172,1
DA:183,0
DA:185,0
DA:187,0
DA:189,0
DA:199,1
DA:200,2
DA:201,2
DA:202,2
DA:214,2
DA:215,2
DA:220,2
DA:221,2
DA:230,1
DA:231,2
DA:232,2
DA:233,2
DA:234,2
DA:235,2
DA:236,2
DA:248,2
DA:253,1
DA:261,1
DA:262,1
DA:263,1
DA:283,1
DA:284,1
DA:285,1
DA:286,1
DA:287,1
DA:292,1
DA:305,1
DA:306,1
DA:307,1
DA:308,1
DA:309,1
DA:314,1
DA:322,1
DA:323,5
DA:331,1
DA:332,5
DA:333,5
DA:334,5
DA:335,5
DA:336,105
DA:338,5
DA:348,1
DA:349,0
DA:350,0
DA:351,0
DA:352,0
DA:353,0
DA:361,1
DA:362,10
DA:373,10
DA:379,10
DA:380,1
DA:381,1
DA:382,1
DA:383,1
DA:385,0
DA:393,10
DA:394,0
DA:395,0
DA:396,0
DA:398,0
DA:399,0
DA:400,0
DA:401,0
DA:402,0
DA:413,10
DA:414,0
DA:415,0
DA:420,0
DA:421,0
DA:422,0
DA:424,0
DA:426,0
DA:427,0
DA:428,0
DA:429,0
DA:431,0
DA:433,0
DA:434,0
DA:435,0
DA:437,0
DA:439,0
DA:440,0
DA:441,0
DA:443,0
DA:444,0
DA:449,0
DA:450,0
DA:451,0
DA:461,10
DA:462,0
DA:463,0
DA:464,0
DA:465,0
DA:466,0
DA:469,0
DA:470,0
DA:472,0
DA:474,0
DA:475,0
DA:476,0
DA:477,0
DA:479,0
DA:480,0
DA:481,0
DA:485,10
DA:486,4
DA:487,4
DA:489,4
DA:490,4
DA:491,4
DA:492,4
DA:495,0
DA:497,0
DA:498,0
DA:499,0
DA:502,0
DA:503,0
DA:504,0
DA:505,0
DA:509,0
DA:510,0
DA:511,0
DA:512,0
DA:516,0
DA:517,0
DA:520,0
DA:521,0
DA:525,0
DA:526,0
DA:527,0
DA:528,0
DA:529,0
DA:533,0
DA:534,0
DA:536,0
DA:537,0
DA:541,0
DA:542,0
DA:543,0
DA:544,0
DA:547,0
DA:551,4
DA:554,10
DA:555,6
DA:556,6
DA:557,6
DA:560,0
DA:561,0
DA:562,0
DA:563,0
DA:564,0
DA:574,0
DA:575,0
DA:576,0
DA:577,0
DA:579,0
DA:580,0
DA:589,0
DA:590,0
DA:591,0
DA:593,0
DA:594,0
DA:596,0
DA:600,6
DA:611,10
DA:612,0
DA:613,0
DA:614,0
DA:616,0
DA:617,0
DA:619,0
DA:620,0
DA:621,0
DA:623,0
DA:630,0
DA:632,0
DA:633,0
DA:635,0
DA:636,0
DA:637,0
DA:639,0
DA:651,10
DA:652,0
DA:653,0
DA:654,0
DA:656,0
DA:657,0
DA:659,0
DA:664,0
DA:665,0
DA:667,0
DA:670,0
DA:672,0
DA:682,0
DA:689,0
DA:691,0
DA:693,0
DA:694,0
DA:695,0
DA:706,10
DA:707,0
DA:708,0
DA:709,0
DA:711,0
DA:712,0
DA:713,0
DA:714,0
DA:715,0
DA:720,0
DA:721,0
DA:723,0
DA:726,0
DA:728,0
DA:733,0
DA:734,0
DA:742,0
DA:749,0
DA:751,0
DA:753,0
DA:754,0
DA:755,0
DA:765,10
DA:766,0
DA:767,0
DA:768,0
DA:769,0
DA:770,0
DA:771,0
DA:772,0
DA:774,0
DA:777,0
DA:779,0
DA:782,0
DA:789,0
DA:791,0
DA:792,0
DA:793,0
DA:804,10
DA:805,0
DA:806,0
DA:807,0
DA:809,0
DA:814,0
DA:815,0
DA:820,0
DA:821,0
DA:822,0
DA:831,10
DA:832,0
DA:833,0
DA:834,0
DA:836,0
DA:838,0
DA:839,0
DA:844,0
DA:845,0
DA:846,0
DA:855,10
DA:856,0
DA:857,0
DA:858,0
DA:860,0
DA:861,0
DA:862,0
DA:867,0
DA:868,0
DA:869,0
DA:882,10
DA:884,1
DA:885,1
DA:892,1
DA:893,1
DA:897,1
DA:902,0
DA:903,0
DA:904,0
DA:913,10
DA:914,0
DA:915,0
DA:916,0
DA:917,0
DA:921,0
DA:922,0
DA:925,0
DA:926,0
DA:929,0
DA:930,0
DA:934,0
DA:935,0
DA:938,0
DA:939,0
DA:942,0
DA:947,0
DA:948,0
DA:952,0
DA:965,10
DA:972,0
DA:973,0
DA:974,0
DA:976,0
DA:980,0
DA:983,0
DA:988,0
DA:989,0
DA:990,0
DA:998,10
DA:999,1
DA:1000,1
DA:1001,1
DA:1003,0
DA:1004,0
DA:1005,0
DA:1006,0
DA:1007,0
DA:1008,0
DA:1009,0
DA:1010,0
DA:1014,0
DA:1015,0
DA:1017,0
DA:1021,10
DA:1051,1
DA:1052,10
DA:1053,10
DA:1054,0
DA:1056,10
DA:1081,1
LF:366
LH:116
BRDA:105,0,0,1
BRDA:105,0,1,0
BRDA:105,0,2,0
BRDA:105,0,3,4
BRDA:105,0,4,1
BRDA:105,0,5,1
BRDA:105,0,6,1
BRDA:105,0,7,1
BRDA:105,0,8,0
BRDA:105,0,9,0
BRDA:105,0,10,0
BRDA:105,0,11,1
BRDA:105,0,12,1
BRDA:105,0,13,1
BRDA:105,0,14,0
BRDA:105,0,15,0
BRDA:105,0,16,0
BRDA:105,0,17,0
BRDA:127,1,0,1
BRDA:127,1,1,0
BRDA:127,2,0,1
BRDA:127,2,1,1
BRDA:134,3,0,1
BRDA:134,3,1,1
BRDA:140,4,0,1
BRDA:146,5,0,0
BRDA:146,5,1,0
BRDA:150,6,0,0
BRDA:150,6,1,0
BRDA:152,7,0,0
BRDA:152,7,1,0
BRDA:152,8,0,0
BRDA:152,8,1,0
BRDA:168,9,0,1
BRDA:350,10,0,0
BRDA:369,11,0,10
BRDA:369,11,1,0
BRDA:369,12,0,10
BRDA:369,12,1,10
BRDA:381,13,0,1
BRDA:382,14,0,1
BRDA:382,14,1,0
BRDA:394,15,0,0
BRDA:426,16,0,0
BRDA:426,16,1,0
BRDA:428,17,0,0
BRDA:440,18,0,0
BRDA:464,19,0,0
BRDA:470,20,0,0
BRDA:474,21,0,0
BRDA:474,21,1,0
BRDA:487,22,0,0
BRDA:490,23,0,4
BRDA:503,24,0,0
BRDA:510,25,0,0
BRDA:516,26,0,0
BRDA:516,27,0,0
BRDA:516,27,1,0
BRDA:526,28,0,0
BRDA:538,29,0,0
BRDA:538,29,1,0
BRDA:541,30,0,0
BRDA:556,31,0,6
BRDA:556,32,0,6
BRDA:556,32,1,0
BRDA:556,32,2,0
BRDA:583,33,0,0
BRDA:583,33,1,0
BRDA:584,34,0,0
BRDA:584,34,1,0
BRDA:589,35,0,0
BRDA:589,35,1,0
BRDA:613,36,0,0
BRDA:616,37,0,0
BRDA:616,38,0,0
BRDA:616,38,1,0
BRDA:636,39,0,0
BRDA:636,39,1,0
BRDA:654,40,0,0
BRDA:654,41,0,0
BRDA:654,41,1,0
BRDA:654,41,2,0
BRDA:709,42,0,0
BRDA:709,43,0,0
BRDA:709,43,1,0
BRDA:709,43,2,0
BRDA:733,44,0,0
BRDA:733,45,0,0
BRDA:733,45,1,0
BRDA:734,46,0,0
BRDA:734,46,1,0
BRDA:734,47,0,0
BRDA:734,47,1,0
BRDA:769,48,0,0
BRDA:769,49,0,0
BRDA:769,49,1,0
BRDA:782,50,0,0
BRDA:782,50,1,0
BRDA:807,51,0,0
BRDA:807,52,0,0
BRDA:807,52,1,0
BRDA:816,53,0,0
BRDA:816,53,1,0
BRDA:834,54,0,0
BRDA:834,55,0,0
BRDA:834,55,1,0
BRDA:858,56,0,0
BRDA:916,57,0,0
BRDA:916,58,0,0
BRDA:916,58,1,0
BRDA:925,59,0,0
BRDA:938,60,0,0
BRDA:974,61,0,0
BRDA:999,62,0,1
BRDA:1007,63,0,0
BRDA:1007,63,1,0
BRDA:1053,64,0,0
BRF:117
BRH:25
end_of_record
TN:
SF:src\lib\functions.ts
FN:26,extractDomain
FN:76,(anonymous_1)
FN:131,(anonymous_2)
FN:133,(anonymous_3)
FN:135,(anonymous_4)
FN:138,(anonymous_5)
FN:162,(anonymous_6)
FN:191,(anonymous_7)
FN:244,(anonymous_8)
FN:251,(anonymous_9)
FN:259,(anonymous_10)
FN:298,get5RecentActivities
FN:300,(anonymous_12)
FN:327,(anonymous_13)
FN:337,(anonymous_14)
FN:362,(anonymous_15)
FN:408,(anonymous_16)
FN:435,(anonymous_17)
FN:462,(anonymous_18)
FN:495,(anonymous_19)
FN:529,(anonymous_20)
FNF:21
FNH:21
FNDA:45,extractDomain
FNDA:6,(anonymous_1)
FNDA:3,(anonymous_2)
FNDA:4,(anonymous_3)
FNDA:5,(anonymous_4)
FNDA:3,(anonymous_5)
FNDA:11,(anonymous_6)
FNDA:12,(anonymous_7)
FNDA:2,(anonymous_8)
FNDA:5,(anonymous_9)
FNDA:14,(anonymous_10)
FNDA:3,get5RecentActivities
FNDA:3,(anonymous_12)
FNDA:11,(anonymous_13)
FNDA:161,(anonymous_14)
FNDA:11,(anonymous_15)
FNDA:25,(anonymous_16)
FNDA:18,(anonymous_17)
FNDA:3,(anonymous_18)
FNDA:3,(anonymous_19)
FNDA:15,(anonymous_20)
DA:26,4
DA:27,45
DA:29,45
DA:32,45
DA:35,45
DA:38,45
DA:40,45
DA:42,0
DA:76,4
DA:77,6
DA:79,6
DA:80,6
DA:82,6
DA:83,6
DA:84,3
DA:85,3
DA:86,3
DA:87,1
DA:89,2
DA:92,6
DA:97,6
DA:131,4
DA:132,3
DA:133,2
DA:134,4
DA:135,5
DA:138,3
DA:139,2
DA:162,4
DA:163,11
DA:164,11
DA:165,11
DA:166,11
DA:191,4
DA:192,12
DA:193,7
DA:194,2
DA:195,1
DA:199,4
DA:244,4
DA:245,2
DA:246,2
DA:248,2
DA:249,2
DA:251,2
DA:252,5
DA:253,5
DA:254,2
DA:255,2
DA:259,14
DA:298,4
DA:299,3
DA:300,3
DA:327,4
DA:328,11
DA:337,161
DA:338,11
DA:362,4
DA:363,11
DA:364,11
DA:365,1
DA:367,10
DA:378,4
DA:386,4
DA:408,4
DA:409,25
DA:410,25
DA:435,4
DA:436,18
DA:462,4
DA:463,3
DA:464,3
DA:465,3
DA:467,2
DA:468,2
DA:495,4
DA:496,3
DA:497,3
DA:498,3
DA:500,2
DA:501,2
DA:502,2
DA:529,4
DA:530,15
DA:531,15
DA:532,15
DA:533,15
DA:534,15
DA:535,15
LF:89
LH:88
BRDA:40,0,0,45
BRDA:40,0,1,0
BRDA:40,1,0,45
BRDA:40,1,1,45
BRDA:83,2,0,3
BRDA:83,2,1,3
BRDA:85,3,0,0
BRDA:86,4,0,1
BRDA:86,4,1,2
BRDA:132,5,0,1
BRDA:135,6,0,5
BRDA:135,6,1,3
BRDA:139,7,0,2
BRDA:139,7,1,0
BRDA:166,8,0,1
BRDA:166,8,1,10
BRDA:192,9,0,5
BRDA:193,10,0,5
BRDA:194,11,0,1
BRDA:253,12,0,2
BRDA:299,13,0,2
BRDA:299,13,1,1
BRDA:300,14,0,3
BRDA:300,14,1,3
BRDA:300,14,2,0
BRDA:364,15,0,1
BRDA:410,16,0,18
BRDA:410,16,1,7
BRDA:465,17,0,1
BRDA:465,18,0,3
BRDA:465,18,1,3
BRDA:498,19,0,1
BRDA:498,20,0,3
BRDA:498,20,1,3
BRDA:502,21,0,1
BRDA:502,21,1,1
BRDA:531,22,0,15
BRDA:531,22,1,6
BRF:38
BRH:34
end_of_record
TN:
SF:src\lib\icons.ts
FN:177,(anonymous_0)
FN:182,(anonymous_1)
FNF:2
FNH:2
FNDA:29,(anonymous_0)
FNDA:1445,(anonymous_1)
DA:1,2
DA:44,2
DA:177,2
DA:179,29
DA:182,29
DA:183,1445
DA:184,1445
DA:185,1445
DA:189,29
LF:9
LH:9
BRDA:185,0,0,1445
BRDA:185,0,1,1437
BRDA:189,1,0,15
BRDA:189,1,1,14
BRF:4
BRH:4
end_of_record
TN:
SF:src\lib\utils.ts
FN:4,cn
FNF:1
FNH:1
FNDA:11114,cn
DA:1,11
DA:2,11
DA:4,11
DA:5,11114
LF:4
LH:4
BRF:0
BRH:0
end_of_record
TN:
SF:src\lib\validators.ts
FN:22,(anonymous_9)
FN:59,(anonymous_10)
FN:94,(anonymous_11)
FN:121,(anonymous_12)
FN:159,(anonymous_13)
FN:185,isTokenExpired2
FN:239,(anonymous_15)
FNF:7
FNH:7
FNDA:7,(anonymous_9)
FNDA:7,(anonymous_10)
FNDA:5,(anonymous_11)
FNDA:7,(anonymous_12)
FNDA:6,(anonymous_13)
FNDA:4,isTokenExpired2
FNDA:6,(anonymous_15)
DA:22,1
DA:23,7
DA:24,1
DA:26,6
DA:27,1
DA:29,5
DA:30,1
DA:32,4
DA:33,1
DA:35,3
DA:59,1
DA:60,7
DA:61,1
DA:63,6
DA:64,1
DA:66,5
DA:67,1
DA:69,4
DA:70,1
DA:72,3
DA:94,1
DA:95,5
DA:96,3
DA:98,2
DA:121,1
DA:122,7
DA:123,1
DA:125,6
DA:126,1
DA:128,5
DA:129,1
DA:131,4
DA:132,1
DA:134,3
DA:135,1
DA:137,2
DA:159,1
DA:160,6
DA:161,6
DA:185,1
DA:186,4
DA:187,1
DA:190,3
DA:191,3
DA:193,3
DA:194,1
DA:197,2
DA:199,0
DA:202,1
DA:228,1
DA:239,6
LF:51
LH:50
BRDA:23,0,0,1
BRDA:26,1,0,1
BRDA:29,2,0,1
BRDA:32,3,0,1
BRDA:60,4,0,1
BRDA:63,5,0,1
BRDA:66,6,0,1
BRDA:69,7,0,1
BRDA:95,8,0,3
BRDA:122,9,0,1
BRDA:125,10,0,1
BRDA:128,11,0,1
BRDA:131,12,0,1
BRDA:134,13,0,1
BRDA:186,14,0,1
BRDA:193,15,0,1
BRF:16
BRH:16
end_of_record
TN:
SF:src\pages\GenPasswordPage.tsx
FN:28,GenPasswordPage
FN:34,(anonymous_2)
FN:47,(anonymous_3)
FN:87,(anonymous_4)
FNF:4
FNH:3
FNDA:14,GenPasswordPage
FNDA:5,(anonymous_2)
FNDA:2,(anonymous_3)
FNDA:0,(anonymous_4)
DA:1,1
DA:2,1
DA:3,1
DA:4,1
DA:5,1
DA:6,1
DA:7,1
DA:8,1
DA:9,1
DA:10,1
DA:28,1
DA:29,14
DA:30,14
DA:31,14
DA:32,14
DA:34,14
DA:35,5
DA:44,5
DA:47,14
DA:48,2
DA:49,2
DA:50,1
DA:55,1
DA:56,1
DA:63,14
DA:87,0
LF:26
LH:25
BRF:0
BRH:0
end_of_record
TN:
SF:src\pages\NotFoundPage.tsx
FN:23,NotFoundPage
FN:34,(anonymous_1)
FNF:2
FNH:2
FNDA:4,NotFoundPage
FNDA:2,(anonymous_1)
DA:1,1
DA:2,1
DA:3,1
DA:23,1
DA:24,4
DA:26,4
DA:34,2
LF:7
LH:7
BRF:0
BRH:0
end_of_record
TN:
SF:src\pages\PageTemplate.tsx
FN:67,PageTemplate
FNF:1
FNH:1
FNDA:7,PageTemplate
DA:1,1
DA:2,1
DA:8,1
DA:9,1
DA:67,1
DA:68,7
LF:6
LH:6
BRDA:84,0,0,7
BRDA:84,0,1,1
BRF:2
BRH:2
end_of_record
